This file contains any messages produced by compilers while
running configure, to aid debugging if configure makes a mistake.

It was created by rocksdbjni configure 0.1, which was
generated by GNU Autoconf 2.63.  Invocation command line was

  $ ./configure --disable-ccache --prefix=/home/aigupta/rocksdbjni/rocksdbjni-linux64/target/native-build/target --with-rocksdb=/home/aigupta/rocksdbjni/rocksdb --with-snappy=/home/aigupta/rocksdbjni/snappy-1.0.5 --no-create --no-recursion

## --------- ##
## Platform. ##
## --------- ##

hostname = aigupta-ld
uname -m = x86_64
uname -r = 2.6.32-131.4.1.el6.x86_64
uname -s = Linux
uname -v = #1 SMP Fri Jun 10 10:54:26 EDT 2011

/usr/bin/uname -p = unknown
/bin/uname -X     = unknown

/bin/arch              = x86_64
/usr/bin/arch -k       = unknown
/usr/convex/getsysinfo = unknown
/usr/bin/hostinfo      = unknown
/bin/machine           = unknown
/usr/bin/oslevel       = unknown
/bin/universe          = unknown

PATH: /opt/rh/devtoolset-1.1/root/usr/bin
PATH: /home/aigupta/projects/uscp/uscp_trunk/uscp-cli/cli
PATH: /home/aigupta/projects/uscp/uscp_trunk/uscp-cli/cli
PATH: /usr/lib64/qt-3.3/bin
PATH: /usr/NX/bin
PATH: /usr/local/bin
PATH: /usr/bin
PATH: /bin
PATH: /usr/local/sbin
PATH: /usr/sbin
PATH: /sbin
PATH: /export/apps/xtools/apache-ant-1.7.1/bin
PATH: /export/apps/xtools/gradle-1.0-milestone-3/bin
PATH: /export/apps/xtools/oracle-instant-client_10.2
PATH: /home/aigupta/bin
PATH: /export/apps/jdk/JDK-1_6_0_27/bin
PATH: /usr/local/bin
PATH: /usr/local/mysql/bin
PATH: /usr/local/linkedin/bin
PATH: /usr/local/scala-2.8.0.final/bin
PATH: /export/apps/xtools/bin
PATH: /home/aigupta/projects/uscp/uscp_trunk/uscp-cli/cli
PATH: /home/aigupta/scripts
PATH: /usr/local/bin/apache-maven-3.0.4/bin
PATH: /export/apps/xtools/apache-ant-1.7.1/bin
PATH: /export/apps/xtools/gradle-1.0-milestone-3/bin
PATH: /export/apps/xtools/oracle-instant-client_10.2
PATH: /export/apps/xtools/apache-ant-1.7.1/bin
PATH: /export/apps/xtools/gradle-1.0-milestone-3/bin
PATH: /export/apps/xtools/oracle-instant-client_10.2
PATH: /home/aigupta/bin
PATH: /export/apps/jdk/JDK-1_6_0_27/bin
PATH: /usr/local/bin
PATH: /usr/local/mysql/bin
PATH: /usr/local/linkedin/bin
PATH: /usr/local/scala-2.8.0.final/bin
PATH: /export/apps/xtools/bin
PATH: /home/aigupta/projects/uscp/uscp_trunk/uscp-cli/cli
PATH: /home/aigupta/scripts
PATH: /usr/local/bin/apache-maven-3.0.4/bin
PATH: /export/apps/xtools/apache-ant-1.7.1/bin
PATH: /export/apps/xtools/gradle-1.0-milestone-3/bin
PATH: /export/apps/xtools/oracle-instant-client_10.2


## ----------- ##
## Core tests. ##
## ----------- ##

configure:1959: checking build system type
configure:1977: result: x86_64-unknown-linux-gnu
configure:1999: checking host system type
configure:2014: result: x86_64-unknown-linux-gnu
configure:2036: checking target system type
configure:2051: result: x86_64-unknown-linux-gnu
configure:2141: checking for g++
configure:2157: found /opt/rh/devtoolset-1.1/root/usr/bin/g++
configure:2168: result: g++
configure:2195: checking for C++ compiler version
configure:2203: g++ --version >&5
g++ (GCC) 4.7.2 20121015 (Red Hat 4.7.2-5)
Copyright (C) 2012 Free Software Foundation, Inc.
This is free software; see the source for copying conditions.  There is NO
warranty; not even for MERCHANTABILITY or FITNESS FOR A PARTICULAR PURPOSE.

configure:2207: $? = 0
configure:2214: g++ -v >&5
Using built-in specs.
COLLECT_GCC=g++
COLLECT_LTO_WRAPPER=/opt/rh/devtoolset-1.1/root/usr/libexec/gcc/x86_64-redhat-linux/4.7.2/lto-wrapper
Target: x86_64-redhat-linux
Configured with: ../configure --prefix=/opt/rh/devtoolset-1.1/root/usr --mandir=/opt/rh/devtoolset-1.1/root/usr/share/man --infodir=/opt/rh/devtoolset-1.1/root/usr/share/info --with-bugurl=http://bugzilla.redhat.com/bugzilla --enable-bootstrap --enable-shared --enable-threads=posix --enable-checking=release --disable-build-with-cxx --disable-build-poststage1-with-cxx --with-system-zlib --enable-__cxa_atexit --disable-libunwind-exceptions --enable-gnu-unique-object --enable-linker-build-id --enable-languages=c,c++,fortran,lto --enable-plugin --with-linker-hash-style=gnu --enable-initfini-array --disable-libgcj --with-ppl --with-cloog --with-mpc=/builddir/build/BUILD/gcc-4.7.2-20121015/obj-x86_64-redhat-linux/mpc-install --with-tune=generic --with-arch_32=i686 --build=x86_64-redhat-linux
Thread model: posix
gcc version 4.7.2 20121015 (Red Hat 4.7.2-5) (GCC) 
configure:2218: $? = 0
configure:2225: g++ -V >&5
g++: error: unrecognized command line option '-V'
g++: fatal error: no input files
compilation terminated.
configure:2229: $? = 4
configure:2252: checking for C++ compiler default output file name
configure:2274: g++    conftest.cpp  >&5
configure:2278: $? = 0
configure:2316: result: a.out
configure:2335: checking whether the C++ compiler works
configure:2345: ./a.out
configure:2349: $? = 0
configure:2368: result: yes
configure:2375: checking whether we are cross compiling
configure:2377: result: no
configure:2380: checking for suffix of executables
configure:2387: g++ -o conftest    conftest.cpp  >&5
configure:2391: $? = 0
configure:2417: result: 
configure:2423: checking for suffix of object files
configure:2449: g++ -c   conftest.cpp >&5
configure:2453: $? = 0
configure:2478: result: o
configure:2482: checking whether we are using the GNU C++ compiler
configure:2511: g++ -c   conftest.cpp >&5
configure:2518: $? = 0
configure:2535: result: yes
configure:2544: checking whether g++ accepts -g
configure:2574: g++ -c -g  conftest.cpp >&5
configure:2581: $? = 0
configure:2682: result: yes
configure:2719: checking for a BSD-compatible install
configure:2787: result: /usr/bin/install -c
configure:2850: checking for gcc
configure:2866: found /opt/rh/devtoolset-1.1/root/usr/bin/gcc
configure:2877: result: gcc
configure:3109: checking for C compiler version
configure:3117: gcc --version >&5
gcc (GCC) 4.7.2 20121015 (Red Hat 4.7.2-5)
Copyright (C) 2012 Free Software Foundation, Inc.
This is free software; see the source for copying conditions.  There is NO
warranty; not even for MERCHANTABILITY or FITNESS FOR A PARTICULAR PURPOSE.

configure:3121: $? = 0
configure:3128: gcc -v >&5
Using built-in specs.
COLLECT_GCC=gcc
COLLECT_LTO_WRAPPER=/opt/rh/devtoolset-1.1/root/usr/libexec/gcc/x86_64-redhat-linux/4.7.2/lto-wrapper
Target: x86_64-redhat-linux
Configured with: ../configure --prefix=/opt/rh/devtoolset-1.1/root/usr --mandir=/opt/rh/devtoolset-1.1/root/usr/share/man --infodir=/opt/rh/devtoolset-1.1/root/usr/share/info --with-bugurl=http://bugzilla.redhat.com/bugzilla --enable-bootstrap --enable-shared --enable-threads=posix --enable-checking=release --disable-build-with-cxx --disable-build-poststage1-with-cxx --with-system-zlib --enable-__cxa_atexit --disable-libunwind-exceptions --enable-gnu-unique-object --enable-linker-build-id --enable-languages=c,c++,fortran,lto --enable-plugin --with-linker-hash-style=gnu --enable-initfini-array --disable-libgcj --with-ppl --with-cloog --with-mpc=/builddir/build/BUILD/gcc-4.7.2-20121015/obj-x86_64-redhat-linux/mpc-install --with-tune=generic --with-arch_32=i686 --build=x86_64-redhat-linux
Thread model: posix
gcc version 4.7.2 20121015 (Red Hat 4.7.2-5) (GCC) 
configure:3132: $? = 0
configure:3139: gcc -V >&5
gcc: error: unrecognized command line option '-V'
gcc: fatal error: no input files
compilation terminated.
configure:3143: $? = 4
configure:3146: checking whether we are using the GNU C compiler
configure:3175: gcc -c   conftest.c >&5
configure:3182: $? = 0
configure:3199: result: yes
configure:3208: checking whether gcc accepts -g
configure:3238: gcc -c -g  conftest.c >&5
configure:3245: $? = 0
configure:3346: result: yes
configure:3363: checking for gcc option to accept ISO C89
configure:3437: gcc  -c -g -O2  conftest.c >&5
configure:3444: $? = 0
configure:3467: result: none needed
configure:3535: checking for ar
configure:3551: found /opt/rh/devtoolset-1.1/root/usr/bin/ar
configure:3562: result: ar
configure:3588: checking the archiver (ar) interface
configure:3608: gcc -c -g -O2  conftest.c >&5
configure:3615: $? = 0
configure:3621: ar cru libconftest.a conftest.o >&5
configure:3624: $? = 0
configure:3653: result: ar
configure:3721: checking how to print strings
configure:3748: result: printf
configure:3769: checking for a sed that does not truncate output
configure:3835: result: /bin/sed
configure:3853: checking for grep that handles long lines and -e
configure:3913: result: /bin/grep
configure:3918: checking for egrep
configure:3982: result: /bin/grep -E
configure:3987: checking for fgrep
configure:4051: result: /bin/grep -F
configure:4086: checking for ld used by gcc
configure:4153: result: /opt/rh/devtoolset-1.1/root/usr/libexec/gcc/x86_64-redhat-linux/4.7.2/ld
configure:4162: checking if the linker (/opt/rh/devtoolset-1.1/root/usr/libexec/gcc/x86_64-redhat-linux/4.7.2/ld) is GNU ld
configure:4177: result: yes
configure:4189: checking for BSD- or MS-compatible name lister (nm)
configure:4238: result: /opt/rh/devtoolset-1.1/root/usr/bin/nm -B
configure:4368: checking the name lister (/opt/rh/devtoolset-1.1/root/usr/bin/nm -B) interface
configure:4375: gcc -c -g -O2  conftest.c >&5
configure:4378: /opt/rh/devtoolset-1.1/root/usr/bin/nm -B "conftest.o"
configure:4381: output
0000000000000000 B some_variable
configure:4388: result: BSD nm
configure:4391: checking whether ln -s works
configure:4395: result: yes
configure:4403: checking the maximum length of command line arguments
configure:4533: result: 1966080
configure:4550: checking whether the shell understands some XSI constructs
configure:4560: result: yes
configure:4564: checking whether the shell understands "+="
configure:4570: result: yes
configure:4605: checking how to convert x86_64-unknown-linux-gnu file names to x86_64-unknown-linux-gnu format
configure:4645: result: func_convert_file_noop
configure:4652: checking how to convert x86_64-unknown-linux-gnu file names to toolchain format
configure:4672: result: func_convert_file_noop
configure:4679: checking for /opt/rh/devtoolset-1.1/root/usr/libexec/gcc/x86_64-redhat-linux/4.7.2/ld option to reload object files
configure:4686: result: -r
configure:4760: checking for objdump
configure:4776: found /opt/rh/devtoolset-1.1/root/usr/bin/objdump
configure:4787: result: objdump
configure:4819: checking how to recognize dependent libraries
configure:5021: result: pass_all
configure:5106: checking for dlltool
configure:5136: result: no
configure:5166: checking how to associate runtime and link libraries
configure:5193: result: printf %s\n
configure:5317: checking for archiver @FILE support
configure:5344: gcc -c -g -O2  conftest.c >&5
configure:5351: $? = 0
configure:5358: ar cru libconftest.a @conftest.lst >&5
configure:5361: $? = 0
configure:5366: ar cru libconftest.a @conftest.lst >&5
ar: conftest.o: No such file or directory
configure:5369: $? = 1
configure:5387: result: @
configure:5445: checking for strip
configure:5461: found /opt/rh/devtoolset-1.1/root/usr/bin/strip
configure:5472: result: strip
configure:5544: checking for ranlib
configure:5560: found /opt/rh/devtoolset-1.1/root/usr/bin/ranlib
configure:5571: result: ranlib
configure:5648: checking for gawk
configure:5664: found /usr/bin/gawk
configure:5675: result: gawk
configure:5715: checking command to parse /opt/rh/devtoolset-1.1/root/usr/bin/nm -B output from gcc object
configure:5835: gcc -c -g -O2  conftest.c >&5
configure:5838: $? = 0
configure:5842: /opt/rh/devtoolset-1.1/root/usr/bin/nm -B conftest.o \| sed -n -e 's/^.*[ ]\([ABCDGIRSTW][ABCDGIRSTW]*\)[ ][ ]*\([_A-Za-z][_A-Za-z0-9]*\)$/\1 \2 \2/p' | sed '/ __gnu_lto/d' \> conftest.nm
configure:5845: $? = 0
configure:5911: gcc -o conftest -g -O2   conftest.c conftstm.o >&5
configure:5914: $? = 0
configure:5952: result: ok
configure:5989: checking for sysroot
configure:6021: result: no
configure:6098: gcc -c -g -O2  conftest.c >&5
configure:6101: $? = 0
configure:6306: checking for mt
configure:6336: result: no
configure:6356: checking if : is a manifest tool
configure:6362: : '-?'
configure:6370: result: no
configure:7041: checking how to run the C preprocessor
configure:7081: gcc -E  conftest.c
configure:7088: $? = 0
configure:7119: gcc -E  conftest.c
conftest.c:8:28: fatal error: ac_nonexistent.h: No such file or directory
compilation terminated.
configure:7126: $? = 1
configure: failed program was:
| /* confdefs.h.  */
| #define PACKAGE_NAME "rocksdbjni"
| #define PACKAGE_TARNAME "rocksdbjni"
| #define PACKAGE_VERSION "0.1"
| #define PACKAGE_STRING "rocksdbjni 0.1"
| #define PACKAGE_BUGREPORT ""
| /* end confdefs.h.  */
| #include <ac_nonexistent.h>
configure:7159: result: gcc -E
configure:7188: gcc -E  conftest.c
configure:7195: $? = 0
configure:7226: gcc -E  conftest.c
conftest.c:8:28: fatal error: ac_nonexistent.h: No such file or directory
compilation terminated.
configure:7233: $? = 1
configure: failed program was:
| /* confdefs.h.  */
| #define PACKAGE_NAME "rocksdbjni"
| #define PACKAGE_TARNAME "rocksdbjni"
| #define PACKAGE_VERSION "0.1"
| #define PACKAGE_STRING "rocksdbjni 0.1"
| #define PACKAGE_BUGREPORT ""
| /* end confdefs.h.  */
| #include <ac_nonexistent.h>
configure:7273: checking for ANSI C header files
configure:7303: gcc -c -g -O2  conftest.c >&5
configure:7310: $? = 0
configure:7409: gcc -o conftest -g -O2   conftest.c  >&5
configure:7413: $? = 0
configure:7419: ./conftest
configure:7423: $? = 0
configure:7441: result: yes
configure:7465: checking for sys/types.h
configure:7486: gcc -c -g -O2  conftest.c >&5
configure:7493: $? = 0
configure:7510: result: yes
configure:7465: checking for sys/stat.h
configure:7486: gcc -c -g -O2  conftest.c >&5
configure:7493: $? = 0
configure:7510: result: yes
configure:7465: checking for stdlib.h
configure:7486: gcc -c -g -O2  conftest.c >&5
configure:7493: $? = 0
configure:7510: result: yes
configure:7465: checking for string.h
configure:7486: gcc -c -g -O2  conftest.c >&5
configure:7493: $? = 0
configure:7510: result: yes
configure:7465: checking for memory.h
configure:7486: gcc -c -g -O2  conftest.c >&5
configure:7493: $? = 0
configure:7510: result: yes
configure:7465: checking for strings.h
configure:7486: gcc -c -g -O2  conftest.c >&5
configure:7493: $? = 0
configure:7510: result: yes
configure:7465: checking for inttypes.h
configure:7486: gcc -c -g -O2  conftest.c >&5
configure:7493: $? = 0
configure:7510: result: yes
configure:7465: checking for stdint.h
configure:7486: gcc -c -g -O2  conftest.c >&5
configure:7493: $? = 0
configure:7510: result: yes
configure:7465: checking for unistd.h
configure:7486: gcc -c -g -O2  conftest.c >&5
configure:7493: $? = 0
configure:7510: result: yes
configure:7528: checking for dlfcn.h
configure:7549: gcc -c -g -O2  conftest.c >&5
configure:7556: $? = 0
configure:7573: result: yes
configure:7791: checking for objdir
configure:7806: result: .libs
configure:8077: checking if gcc supports -fno-rtti -fno-exceptions
configure:8095: gcc -c -g -O2  -fno-rtti -fno-exceptions conftest.c >&5
cc1: warning: command line option '-fno-rtti' is valid for C++/ObjC++ but not for C [enabled by default]
configure:8099: $? = 0
configure:8112: result: no
configure:8439: checking for gcc option to produce PIC
configure:8446: result: -fPIC -DPIC
configure:8454: checking if gcc PIC flag -fPIC -DPIC works
configure:8472: gcc -c -g -O2  -fPIC -DPIC -DPIC conftest.c >&5
configure:8476: $? = 0
configure:8489: result: yes
configure:8518: checking if gcc static flag -static works
configure:8546: result: no
configure:8561: checking if gcc supports -c -o file.o
configure:8582: gcc -c -g -O2  -o out/conftest2.o conftest.c >&5
configure:8586: $? = 0
configure:8608: result: yes
configure:8616: checking if gcc supports -c -o file.o
configure:8663: result: yes
configure:8696: checking whether the gcc linker (/opt/rh/devtoolset-1.1/root/usr/libexec/gcc/x86_64-redhat-linux/4.7.2/ld -m elf_x86_64) supports shared libraries
configure:9940: result: yes
configure:9977: checking whether -lc should be explicitly linked in
configure:9985: gcc -c -g -O2  conftest.c >&5
configure:9988: $? = 0
configure:10003: gcc -shared  -fPIC -DPIC conftest.o  -v -Wl,-soname -Wl,conftest -o conftest 2\>\&1 \| /bin/grep  -lc  \>/dev/null 2\>\&1
configure:10006: $? = 0
configure:10020: result: no
configure:10180: checking dynamic linker characteristics
configure:10701: gcc -o conftest -g -O2   -Wl,-rpath -Wl,/foo conftest.c  >&5
configure:10708: $? = 0
configure:10945: result: GNU/Linux ld.so
configure:11052: checking how to hardcode library paths into programs
configure:11077: result: immediate
configure:11930: checking whether stripping libraries is possible
configure:11935: result: yes
configure:11970: checking if libtool supports shared libraries
configure:11972: result: yes
configure:11975: checking whether to build shared libraries
configure:11996: result: yes
configure:11999: checking whether to build static libraries
configure:12003: result: no
configure:12026: checking how to run the C++ preprocessor
configure:12062: g++ -E  conftest.cpp
configure:12069: $? = 0
configure:12100: g++ -E  conftest.cpp
conftest.cpp:20:28: fatal error: ac_nonexistent.h: No such file or directory
compilation terminated.
configure:12107: $? = 1
configure: failed program was:
| /* confdefs.h.  */
| #define PACKAGE_NAME "rocksdbjni"
| #define PACKAGE_TARNAME "rocksdbjni"
| #define PACKAGE_VERSION "0.1"
| #define PACKAGE_STRING "rocksdbjni 0.1"
| #define PACKAGE_BUGREPORT ""
| #define STDC_HEADERS 1
| #define HAVE_SYS_TYPES_H 1
| #define HAVE_SYS_STAT_H 1
| #define HAVE_STDLIB_H 1
| #define HAVE_STRING_H 1
| #define HAVE_MEMORY_H 1
| #define HAVE_STRINGS_H 1
| #define HAVE_INTTYPES_H 1
| #define HAVE_STDINT_H 1
| #define HAVE_UNISTD_H 1
| #define HAVE_DLFCN_H 1
| #define LT_OBJDIR ".libs/"
| /* end confdefs.h.  */
| #include <ac_nonexistent.h>
configure:12140: result: g++ -E
configure:12169: g++ -E  conftest.cpp
configure:12176: $? = 0
configure:12207: g++ -E  conftest.cpp
conftest.cpp:20:28: fatal error: ac_nonexistent.h: No such file or directory
compilation terminated.
configure:12214: $? = 1
configure: failed program was:
| /* confdefs.h.  */
| #define PACKAGE_NAME "rocksdbjni"
| #define PACKAGE_TARNAME "rocksdbjni"
| #define PACKAGE_VERSION "0.1"
| #define PACKAGE_STRING "rocksdbjni 0.1"
| #define PACKAGE_BUGREPORT ""
| #define STDC_HEADERS 1
| #define HAVE_SYS_TYPES_H 1
| #define HAVE_SYS_STAT_H 1
| #define HAVE_STDLIB_H 1
| #define HAVE_STRING_H 1
| #define HAVE_MEMORY_H 1
| #define HAVE_STRINGS_H 1
| #define HAVE_INTTYPES_H 1
| #define HAVE_STDINT_H 1
| #define HAVE_UNISTD_H 1
| #define HAVE_DLFCN_H 1
| #define LT_OBJDIR ".libs/"
| /* end confdefs.h.  */
| #include <ac_nonexistent.h>
configure:12394: checking for ld used by g++
configure:12461: result: /opt/rh/devtoolset-1.1/root/usr/libexec/gcc/x86_64-redhat-linux/4.7.2/ld -m elf_x86_64
configure:12470: checking if the linker (/opt/rh/devtoolset-1.1/root/usr/libexec/gcc/x86_64-redhat-linux/4.7.2/ld -m elf_x86_64) is GNU ld
configure:12485: result: yes
configure:12540: checking whether the g++ linker (/opt/rh/devtoolset-1.1/root/usr/libexec/gcc/x86_64-redhat-linux/4.7.2/ld -m elf_x86_64) supports shared libraries
configure:13607: result: yes
configure:13643: g++ -c -g -O2  conftest.cpp >&5
configure:13646: $? = 0
configure:14166: checking for g++ option to produce PIC
configure:14173: result: -fPIC -DPIC
configure:14181: checking if g++ PIC flag -fPIC -DPIC works
configure:14199: g++ -c -g -O2  -fPIC -DPIC -DPIC conftest.cpp >&5
configure:14203: $? = 0
configure:14216: result: yes
configure:14239: checking if g++ static flag -static works
configure:14267: result: no
configure:14279: checking if g++ supports -c -o file.o
configure:14300: g++ -c -g -O2  -o out/conftest2.o conftest.cpp >&5
configure:14304: $? = 0
configure:14326: result: yes
configure:14331: checking if g++ supports -c -o file.o
configure:14378: result: yes
configure:14408: checking whether the g++ linker (/opt/rh/devtoolset-1.1/root/usr/libexec/gcc/x86_64-redhat-linux/4.7.2/ld -m elf_x86_64) supports shared libraries
configure:14444: result: yes
configure:14585: checking dynamic linker characteristics
configure:15284: result: GNU/Linux ld.so
configure:15337: checking how to hardcode library paths into programs
configure:15362: result: immediate
configure:15572: JAVA_HOME was set, checking to see if it's a JDK we can use...
configure:15577: checking if '/export/apps/jdk/JDK-1_6_0_27' is a JDK
configure:15641: gcc -c -g -O2  -I/export/apps/jdk/JDK-1_6_0_27/include -I/export/apps/jdk/JDK-1_6_0_27/include/linux conftest.c >&5
configure:15648: $? = 0
configure:15666: result: yes
configure:16006: checking pthread.h usability
configure:16023: g++ -c -g -O2  conftest.cpp >&5
configure:16030: $? = 0
configure:16044: result: yes
configure:16048: checking pthread.h presence
configure:16063: g++ -E  conftest.cpp
configure:16070: $? = 0
configure:16084: result: yes
configure:16112: checking for pthread.h
configure:16119: result: yes
configure:16167: checking sys/errno.h usability
configure:16184: g++ -c -g -O2 -I/home/aigupta/rocksdbjni/rocksdb/include  conftest.cpp >&5
configure:16191: $? = 0
configure:16205: result: yes
configure:16209: checking sys/errno.h presence
configure:16224: g++ -E  conftest.cpp
configure:16231: $? = 0
configure:16245: result: yes
configure:16273: checking for sys/errno.h
configure:16280: result: yes
configure:16412: checking whether build environment is sane
configure:16477: result: yes
configure:16625: checking for a thread-safe mkdir -p
configure:16664: result: /bin/mkdir -p
configure:16667: checking whether make sets $(MAKE)
configure:16689: result: yes
configure:16870: checking that generated files are newer than configure
configure:16876: result: done
configure:16891: creating ./config.status
configure:19259: WARNING: unrecognized options: --disable-ccache

## ---------------- ##
## Cache variables. ##
## ---------------- ##

ac_cv_build=x86_64-unknown-linux-gnu
ac_cv_c_compiler_gnu=yes
ac_cv_cxx_compiler_gnu=yes
ac_cv_env_CCC_set=
ac_cv_env_CCC_value=
ac_cv_env_CC_set=
ac_cv_env_CC_value=
ac_cv_env_CFLAGS_set=
ac_cv_env_CFLAGS_value=
ac_cv_env_CPPFLAGS_set=
ac_cv_env_CPPFLAGS_value=
ac_cv_env_CPP_set=
ac_cv_env_CPP_value=
ac_cv_env_CXXCPP_set=
ac_cv_env_CXXCPP_value=
ac_cv_env_CXXFLAGS_set=
ac_cv_env_CXXFLAGS_value=
ac_cv_env_CXX_set=
ac_cv_env_CXX_value=
ac_cv_env_LDFLAGS_set=
ac_cv_env_LDFLAGS_value=
ac_cv_env_LIBS_set=
ac_cv_env_LIBS_value=
ac_cv_env_build_alias_set=
ac_cv_env_build_alias_value=
ac_cv_env_host_alias_set=
ac_cv_env_host_alias_value=
ac_cv_env_target_alias_set=
ac_cv_env_target_alias_value=
ac_cv_header_dlfcn_h=yes
ac_cv_header_inttypes_h=yes
ac_cv_header_memory_h=yes
ac_cv_header_pthread_h=yes
ac_cv_header_stdc=yes
ac_cv_header_stdint_h=yes
ac_cv_header_stdlib_h=yes
ac_cv_header_string_h=yes
ac_cv_header_strings_h=yes
ac_cv_header_sys_errno_h=yes
ac_cv_header_sys_stat_h=yes
ac_cv_header_sys_types_h=yes
ac_cv_header_unistd_h=yes
ac_cv_host=x86_64-unknown-linux-gnu
ac_cv_objext=o
ac_cv_path_EGREP='/bin/grep -E'
ac_cv_path_FGREP='/bin/grep -F'
ac_cv_path_GREP=/bin/grep
ac_cv_path_SED=/bin/sed
ac_cv_path_install='/usr/bin/install -c'
ac_cv_path_mkdir=/bin/mkdir
ac_cv_prog_AWK=gawk
ac_cv_prog_CPP='gcc -E'
ac_cv_prog_CXXCPP='g++ -E'
ac_cv_prog_ac_ct_AR=ar
ac_cv_prog_ac_ct_CC=gcc
ac_cv_prog_ac_ct_CXX=g++
ac_cv_prog_ac_ct_OBJDUMP=objdump
ac_cv_prog_ac_ct_RANLIB=ranlib
ac_cv_prog_ac_ct_STRIP=strip
ac_cv_prog_cc_c89=
ac_cv_prog_cc_g=yes
ac_cv_prog_cxx_g=yes
ac_cv_prog_make_make_set=yes
ac_cv_target=x86_64-unknown-linux-gnu
am_cv_ar_interface=ar
lt_cv_ar_at_file=@
lt_cv_archive_cmds_need_lc=no
lt_cv_deplibs_check_method=pass_all
lt_cv_file_magic_cmd='$MAGIC_CMD'
lt_cv_file_magic_test_file=
lt_cv_ld_reload_flag=-r
lt_cv_nm_interface='BSD nm'
lt_cv_objdir=.libs
lt_cv_path_LD=/opt/rh/devtoolset-1.1/root/usr/libexec/gcc/x86_64-redhat-linux/4.7.2/ld
lt_cv_path_LDCXX='/opt/rh/devtoolset-1.1/root/usr/libexec/gcc/x86_64-redhat-linux/4.7.2/ld -m elf_x86_64'
lt_cv_path_NM='/opt/rh/devtoolset-1.1/root/usr/bin/nm -B'
lt_cv_path_mainfest_tool=no
lt_cv_prog_compiler_c_o=yes
lt_cv_prog_compiler_c_o_CXX=yes
lt_cv_prog_compiler_pic='-fPIC -DPIC'
lt_cv_prog_compiler_pic_CXX='-fPIC -DPIC'
lt_cv_prog_compiler_pic_works=yes
lt_cv_prog_compiler_pic_works_CXX=yes
lt_cv_prog_compiler_rtti_exceptions=no
lt_cv_prog_compiler_static_works=no
lt_cv_prog_compiler_static_works_CXX=no
lt_cv_prog_gnu_ld=yes
lt_cv_prog_gnu_ldcxx=yes
lt_cv_sharedlib_from_linklib_cmd='printf %s\n'
lt_cv_shlibpath_overrides_runpath=no
lt_cv_sys_global_symbol_pipe='sed -n -e '\''s/^.*[	 ]\([ABCDGIRSTW][ABCDGIRSTW]*\)[	 ][	 ]*\([_A-Za-z][_A-Za-z0-9]*\)$/\1 \2 \2/p'\'' | sed '\''/ __gnu_lto/d'\'''
lt_cv_sys_global_symbol_to_c_name_address='sed -n -e '\''s/^: \([^ ]*\)[ ]*$/  {\"\1\", (void *) 0},/p'\'' -e '\''s/^[ABCDGIRSTW]* \([^ ]*\) \([^ ]*\)$/  {"\2", (void *) \&\2},/p'\'''
lt_cv_sys_global_symbol_to_c_name_address_lib_prefix='sed -n -e '\''s/^: \([^ ]*\)[ ]*$/  {\"\1\", (void *) 0},/p'\'' -e '\''s/^[ABCDGIRSTW]* \([^ ]*\) \(lib[^ ]*\)$/  {"\2", (void *) \&\2},/p'\'' -e '\''s/^[ABCDGIRSTW]* \([^ ]*\) \([^ ]*\)$/  {"lib\2", (void *) \&\2},/p'\'''
lt_cv_sys_global_symbol_to_cdecl='sed -n -e '\''s/^T .* \(.*\)$/extern int \1();/p'\'' -e '\''s/^[ABCDGIRSTW]* .* \(.*\)$/extern char \1;/p'\'''
lt_cv_sys_max_cmd_len=1966080
lt_cv_to_host_file_cmd=func_convert_file_noop
lt_cv_to_tool_file_cmd=func_convert_file_noop

## ----------------- ##
## Output variables. ##
## ----------------- ##

ACLOCAL='${SHELL} /home/aigupta/rocksdbjni/rocksdbjni-linux64/target/native-build/autotools/missing --run aclocal-1.12'
AMTAR='$${TAR-tar}'
AR='ar'
AUTOCONF='${SHELL} /home/aigupta/rocksdbjni/rocksdbjni-linux64/target/native-build/autotools/missing --run autoconf'
AUTOHEADER='${SHELL} /home/aigupta/rocksdbjni/rocksdbjni-linux64/target/native-build/autotools/missing --run autoheader'
AUTOMAKE='${SHELL} /home/aigupta/rocksdbjni/rocksdbjni-linux64/target/native-build/autotools/missing --run automake-1.12'
AWK='gawk'
CC='gcc'
CFLAGS='-g -O2 -I/home/aigupta/rocksdbjni/rocksdb/include -I/export/apps/jdk/JDK-1_6_0_27/include -I/export/apps/jdk/JDK-1_6_0_27/include/linux'
CPP='gcc -E'
CPPFLAGS=''
CXX='g++'
CXXCPP='g++ -E'
CXXFLAGS='-g -O2 -I/home/aigupta/rocksdbjni/rocksdb/include -I/export/apps/jdk/JDK-1_6_0_27/include -I/export/apps/jdk/JDK-1_6_0_27/include/linux'
CYGPATH_W='echo'
DEFS='-DHAVE_CONFIG_H'
DLLTOOL='false'
DSYMUTIL=''
DUMPBIN=''
ECHO_C=''
ECHO_N='-n'
ECHO_T=''
EGREP='/bin/grep -E'
EXEEXT=''
FGREP='/bin/grep -F'
GREP='/bin/grep'
INSTALL_DATA='${INSTALL} -m 644'
INSTALL_PROGRAM='${INSTALL}'
INSTALL_SCRIPT='${INSTALL}'
INSTALL_STRIP_PROGRAM='$(install_sh) -c -s'
JNI_EXTRA_CFLAGS='-I/export/apps/jdk/JDK-1_6_0_27/include -I/export/apps/jdk/JDK-1_6_0_27/include/linux'
JNI_EXTRA_LDFLAGS=''
JNI_JDK='/export/apps/jdk/JDK-1_6_0_27'
LD='/opt/rh/devtoolset-1.1/root/usr/libexec/gcc/x86_64-redhat-linux/4.7.2/ld -m elf_x86_64'
LDFLAGS=' -lrocksdb -L/home/aigupta/rocksdbjni/rocksdb -lsnappy -L/home/aigupta/rocksdbjni/snappy-1.0.5  -release 0.1'
LIBOBJS=''
LIBS=''
LIBTOOL='$(SHELL) $(top_builddir)/libtool'
LIPO=''
LN_S='ln -s'
LTLIBOBJS=''
MAKEINFO='${SHELL} /home/aigupta/rocksdbjni/rocksdbjni-linux64/target/native-build/autotools/missing --run makeinfo'
MANIFEST_TOOL=':'
MKDIR_P='/bin/mkdir -p'
NM='/opt/rh/devtoolset-1.1/root/usr/bin/nm -B'
NMEDIT=''
OBJDUMP='objdump'
OBJEXT='o'
OSX_SDKS_DIR=''
OSX_VERSION=''
OTOOL64=''
OTOOL=''
PACKAGE='rocksdbjni'
PACKAGE_BUGREPORT=''
PACKAGE_NAME='rocksdbjni'
PACKAGE_STRING='rocksdbjni 0.1'
PACKAGE_TARNAME='rocksdbjni'
PACKAGE_VERSION='0.1'
PATH_SEPARATOR=':'
RANLIB='ranlib'
SED='/bin/sed'
SET_MAKE=''
SHELL='/bin/sh'
STRIP='strip'
VERSION='0.1'
ac_ct_AR='ar'
ac_ct_CC='gcc'
ac_ct_CXX='g++'
ac_ct_DUMPBIN=''
am__EXEEXT_FALSE=''
am__EXEEXT_TRUE='#'
am__isrc=''
am__leading_dot='.'
am__tar='$${TAR-tar} chof - "$$tardir"'
am__untar='$${TAR-tar} xf -'
bindir='${exec_prefix}/bin'
build='x86_64-unknown-linux-gnu'
build_alias=''
build_cpu='x86_64'
build_os='linux-gnu'
build_vendor='unknown'
datadir='${datarootdir}'
datarootdir='${prefix}/share'
docdir='${datarootdir}/doc/${PACKAGE_TARNAME}'
dvidir='${docdir}'
exec_prefix='${prefix}'
host='x86_64-unknown-linux-gnu'
host_alias=''
host_cpu='x86_64'
host_os='linux-gnu'
host_vendor='unknown'
htmldir='${docdir}'
includedir='${prefix}/include'
infodir='${datarootdir}/info'
install_sh='${SHELL} /home/aigupta/rocksdbjni/rocksdbjni-linux64/target/native-build/autotools/install-sh'
libdir='${exec_prefix}/lib'
libexecdir='${exec_prefix}/libexec'
localedir='${datarootdir}/locale'
localstatedir='${prefix}/var'
mandir='${datarootdir}/man'
oldincludedir='/usr/include'
pdfdir='${docdir}'
prefix='/home/aigupta/rocksdbjni/rocksdbjni-linux64/target/native-build/target'
program_transform_name='s,x,x,'
psdir='${docdir}'
sbindir='${exec_prefix}/sbin'
sharedstatedir='${prefix}/com'
sysconfdir='${prefix}/etc'
target='x86_64-unknown-linux-gnu'
target_alias=''
target_cpu='x86_64'
target_os='linux-gnu'
target_vendor='unknown'

## ----------- ##
## confdefs.h. ##
## ----------- ##

#define PACKAGE_NAME "rocksdbjni"
#define PACKAGE_TARNAME "rocksdbjni"
#define PACKAGE_VERSION "0.1"
#define PACKAGE_STRING "rocksdbjni 0.1"
#define PACKAGE_BUGREPORT ""
#define STDC_HEADERS 1
#define HAVE_SYS_TYPES_H 1
#define HAVE_SYS_STAT_H 1
#define HAVE_STDLIB_H 1
#define HAVE_STRING_H 1
#define HAVE_MEMORY_H 1
#define HAVE_STRINGS_H 1
#define HAVE_INTTYPES_H 1
#define HAVE_STDINT_H 1
#define HAVE_UNISTD_H 1
#define HAVE_DLFCN_H 1
#define LT_OBJDIR ".libs/"
#define HAVE_PTHREAD_H 1
#define HAVE_SYS_ERRNO_H 1
#define PACKAGE "rocksdbjni"
#define VERSION "0.1"

configure: exit 0

## ---------------------- ##
## Running config.status. ##
## ---------------------- ##

This file was extended by rocksdbjni config.status 0.1, which was
generated by GNU Autoconf 2.63.  Invocation command line was

  CONFIG_FILES    = 
  CONFIG_HEADERS  = 
  CONFIG_LINKS    = 
  CONFIG_COMMANDS = 
  $ ./config.status 

on aigupta-ld

config.status:1058: creating Makefile
config.status:1058: creating src/config.h
config.status:1332: executing libtool commands
