This file contains any messages produced by compilers while
running configure, to aid debugging if configure makes a mistake.

It was created by snappy configure 1.0.5, which was
generated by GNU Autoconf 2.63.  Invocation command line was

  $ ./configure --disable-shared --with-pic --no-create --no-recursion

## --------- ##
## Platform. ##
## --------- ##

hostname = aigupta-ld
uname -m = x86_64
uname -r = 2.6.32-131.4.1.el6.x86_64
uname -s = Linux
uname -v = #1 SMP Fri Jun 10 10:54:26 EDT 2011

/usr/bin/uname -p = unknown
/bin/uname -X     = unknown

/bin/arch              = x86_64
/usr/bin/arch -k       = unknown
/usr/convex/getsysinfo = unknown
/usr/bin/hostinfo      = unknown
/bin/machine           = unknown
/usr/bin/oslevel       = unknown
/bin/universe          = unknown

PATH: /opt/rh/devtoolset-1.1/root/usr/bin
PATH: /home/aigupta/projects/uscp/uscp_trunk/uscp-cli/cli
PATH: /home/aigupta/projects/uscp/uscp_trunk/uscp-cli/cli
PATH: /usr/lib64/qt-3.3/bin
PATH: /usr/NX/bin
PATH: /usr/local/bin
PATH: /usr/bin
PATH: /bin
PATH: /usr/local/sbin
PATH: /usr/sbin
PATH: /sbin
PATH: /export/apps/xtools/apache-ant-1.7.1/bin
PATH: /export/apps/xtools/gradle-1.0-milestone-3/bin
PATH: /export/apps/xtools/oracle-instant-client_10.2
PATH: /home/aigupta/bin
PATH: /export/apps/jdk/JDK-1_6_0_27/bin
PATH: /usr/local/bin
PATH: /usr/local/mysql/bin
PATH: /usr/local/linkedin/bin
PATH: /usr/local/scala-2.8.0.final/bin
PATH: /export/apps/xtools/bin
PATH: /home/aigupta/projects/uscp/uscp_trunk/uscp-cli/cli
PATH: /home/aigupta/scripts
PATH: /usr/local/bin/apache-maven-3.0.4/bin
PATH: /export/apps/xtools/apache-ant-1.7.1/bin
PATH: /export/apps/xtools/gradle-1.0-milestone-3/bin
PATH: /export/apps/xtools/oracle-instant-client_10.2
PATH: /export/apps/xtools/apache-ant-1.7.1/bin
PATH: /export/apps/xtools/gradle-1.0-milestone-3/bin
PATH: /export/apps/xtools/oracle-instant-client_10.2
PATH: /home/aigupta/bin
PATH: /export/apps/jdk/JDK-1_6_0_27/bin
PATH: /usr/local/bin
PATH: /usr/local/mysql/bin
PATH: /usr/local/linkedin/bin
PATH: /usr/local/scala-2.8.0.final/bin
PATH: /export/apps/xtools/bin
PATH: /home/aigupta/projects/uscp/uscp_trunk/uscp-cli/cli
PATH: /home/aigupta/scripts
PATH: /usr/local/bin/apache-maven-3.0.4/bin
PATH: /export/apps/xtools/apache-ant-1.7.1/bin
PATH: /export/apps/xtools/gradle-1.0-milestone-3/bin
PATH: /export/apps/xtools/oracle-instant-client_10.2


## ----------- ##
## Core tests. ##
## ----------- ##

configure:2130: checking for a BSD-compatible install
configure:2198: result: /usr/bin/install -c
configure:2209: checking whether build environment is sane
configure:2269: result: yes
configure:2410: checking for a thread-safe mkdir -p
configure:2449: result: /bin/mkdir -p
configure:2462: checking for gawk
configure:2478: found /usr/bin/gawk
configure:2489: result: gawk
configure:2500: checking whether make sets $(MAKE)
configure:2522: result: yes
configure:2636: checking build system type
configure:2654: result: x86_64-unknown-linux-gnu
configure:2676: checking host system type
configure:2691: result: x86_64-unknown-linux-gnu
configure:2725: checking for style of include used by make
configure:2753: result: GNU
configure:2823: checking for gcc
configure:2839: found /opt/rh/devtoolset-1.1/root/usr/bin/gcc
configure:2850: result: gcc
configure:3082: checking for C compiler version
configure:3090: gcc --version >&5
gcc (GCC) 4.7.2 20121015 (Red Hat 4.7.2-5)
Copyright (C) 2012 Free Software Foundation, Inc.
This is free software; see the source for copying conditions.  There is NO
warranty; not even for MERCHANTABILITY or FITNESS FOR A PARTICULAR PURPOSE.

configure:3094: $? = 0
configure:3101: gcc -v >&5
Using built-in specs.
COLLECT_GCC=gcc
COLLECT_LTO_WRAPPER=/opt/rh/devtoolset-1.1/root/usr/libexec/gcc/x86_64-redhat-linux/4.7.2/lto-wrapper
Target: x86_64-redhat-linux
Configured with: ../configure --prefix=/opt/rh/devtoolset-1.1/root/usr --mandir=/opt/rh/devtoolset-1.1/root/usr/share/man --infodir=/opt/rh/devtoolset-1.1/root/usr/share/info --with-bugurl=http://bugzilla.redhat.com/bugzilla --enable-bootstrap --enable-shared --enable-threads=posix --enable-checking=release --disable-build-with-cxx --disable-build-poststage1-with-cxx --with-system-zlib --enable-__cxa_atexit --disable-libunwind-exceptions --enable-gnu-unique-object --enable-linker-build-id --enable-languages=c,c++,fortran,lto --enable-plugin --with-linker-hash-style=gnu --enable-initfini-array --disable-libgcj --with-ppl --with-cloog --with-mpc=/builddir/build/BUILD/gcc-4.7.2-20121015/obj-x86_64-redhat-linux/mpc-install --with-tune=generic --with-arch_32=i686 --build=x86_64-redhat-linux
Thread model: posix
gcc version 4.7.2 20121015 (Red Hat 4.7.2-5) (GCC) 
configure:3105: $? = 0
configure:3112: gcc -V >&5
gcc: error: unrecognized command line option '-V'
gcc: fatal error: no input files
compilation terminated.
configure:3116: $? = 4
configure:3139: checking for C compiler default output file name
configure:3161: gcc    conftest.c  >&5
configure:3165: $? = 0
configure:3203: result: a.out
configure:3222: checking whether the C compiler works
configure:3232: ./a.out
configure:3236: $? = 0
configure:3255: result: yes
configure:3262: checking whether we are cross compiling
configure:3264: result: no
configure:3267: checking for suffix of executables
configure:3274: gcc -o conftest    conftest.c  >&5
configure:3278: $? = 0
configure:3304: result: 
configure:3310: checking for suffix of object files
configure:3336: gcc -c   conftest.c >&5
configure:3340: $? = 0
configure:3365: result: o
configure:3369: checking whether we are using the GNU C compiler
configure:3398: gcc -c   conftest.c >&5
configure:3405: $? = 0
configure:3422: result: yes
configure:3431: checking whether gcc accepts -g
configure:3461: gcc -c -g  conftest.c >&5
configure:3468: $? = 0
configure:3569: result: yes
configure:3586: checking for gcc option to accept ISO C89
configure:3660: gcc  -c -g -O2  conftest.c >&5
configure:3667: $? = 0
configure:3690: result: none needed
configure:3710: checking dependency style of gcc
configure:3820: result: gcc3
configure:3835: checking for a sed that does not truncate output
configure:3901: result: /bin/sed
configure:3919: checking for grep that handles long lines and -e
configure:3979: result: /bin/grep
configure:3984: checking for egrep
configure:4048: result: /bin/grep -E
configure:4053: checking for fgrep
configure:4117: result: /bin/grep -F
configure:4152: checking for ld used by gcc
configure:4219: result: /opt/rh/devtoolset-1.1/root/usr/libexec/gcc/x86_64-redhat-linux/4.7.2/ld
configure:4228: checking if the linker (/opt/rh/devtoolset-1.1/root/usr/libexec/gcc/x86_64-redhat-linux/4.7.2/ld) is GNU ld
configure:4243: result: yes
configure:4255: checking for BSD- or MS-compatible name lister (nm)
configure:4304: result: /opt/rh/devtoolset-1.1/root/usr/bin/nm -B
configure:4422: checking the name lister (/opt/rh/devtoolset-1.1/root/usr/bin/nm -B) interface
configure:4429: gcc -c -g -O2  conftest.c >&5
configure:4432: /opt/rh/devtoolset-1.1/root/usr/bin/nm -B "conftest.o"
configure:4435: output
0000000000000000 B some_variable
configure:4442: result: BSD nm
configure:4445: checking whether ln -s works
configure:4449: result: yes
configure:4457: checking the maximum length of command line arguments
configure:4577: result: 1966080
configure:4594: checking whether the shell understands some XSI constructs
configure:4604: result: yes
configure:4608: checking whether the shell understands "+="
configure:4614: result: yes
configure:4649: checking for /opt/rh/devtoolset-1.1/root/usr/libexec/gcc/x86_64-redhat-linux/4.7.2/ld option to reload object files
configure:4656: result: -r
configure:4725: checking for objdump
configure:4741: found /opt/rh/devtoolset-1.1/root/usr/bin/objdump
configure:4752: result: objdump
configure:4784: checking how to recognize dependent libraries
configure:4980: result: pass_all
configure:5040: checking for ar
configure:5056: found /opt/rh/devtoolset-1.1/root/usr/bin/ar
configure:5067: result: ar
configure:5145: checking for strip
configure:5161: found /opt/rh/devtoolset-1.1/root/usr/bin/strip
configure:5172: result: strip
configure:5244: checking for ranlib
configure:5260: found /opt/rh/devtoolset-1.1/root/usr/bin/ranlib
configure:5271: result: ranlib
configure:5361: checking command to parse /opt/rh/devtoolset-1.1/root/usr/bin/nm -B output from gcc object
configure:5479: gcc -c -g -O2  conftest.c >&5
configure:5482: $? = 0
configure:5486: /opt/rh/devtoolset-1.1/root/usr/bin/nm -B conftest.o \| sed -n -e 's/^.*[	 ]\([ABCDGIRSTW][ABCDGIRSTW]*\)[	 ][	 ]*\([_A-Za-z][_A-Za-z0-9]*\)$/\1 \2 \2/p' \> conftest.nm
configure:5489: $? = 0
configure:5543: gcc -o conftest -g -O2   conftest.c conftstm.o >&5
configure:5546: $? = 0
configure:5584: result: ok
configure:5680: gcc -c -g -O2  conftest.c >&5
configure:5683: $? = 0
configure:6451: checking how to run the C preprocessor
configure:6491: gcc -E  conftest.c
configure:6498: $? = 0
configure:6529: gcc -E  conftest.c
conftest.c:10:28: fatal error: ac_nonexistent.h: No such file or directory
compilation terminated.
configure:6536: $? = 1
configure: failed program was:
| /* confdefs.h.  */
| #define PACKAGE_NAME "snappy"
| #define PACKAGE_TARNAME "snappy"
| #define PACKAGE_VERSION "1.0.5"
| #define PACKAGE_STRING "snappy 1.0.5"
| #define PACKAGE_BUGREPORT ""
| #define PACKAGE "snappy"
| #define VERSION "1.0.5"
| /* end confdefs.h.  */
| #include <ac_nonexistent.h>
configure:6569: result: gcc -E
configure:6598: gcc -E  conftest.c
configure:6605: $? = 0
configure:6636: gcc -E  conftest.c
conftest.c:10:28: fatal error: ac_nonexistent.h: No such file or directory
compilation terminated.
configure:6643: $? = 1
configure: failed program was:
| /* confdefs.h.  */
| #define PACKAGE_NAME "snappy"
| #define PACKAGE_TARNAME "snappy"
| #define PACKAGE_VERSION "1.0.5"
| #define PACKAGE_STRING "snappy 1.0.5"
| #define PACKAGE_BUGREPORT ""
| #define PACKAGE "snappy"
| #define VERSION "1.0.5"
| /* end confdefs.h.  */
| #include <ac_nonexistent.h>
configure:6683: checking for ANSI C header files
configure:6713: gcc -c -g -O2  conftest.c >&5
configure:6720: $? = 0
configure:6819: gcc -o conftest -g -O2   conftest.c  >&5
configure:6823: $? = 0
configure:6829: ./conftest
configure:6833: $? = 0
configure:6851: result: yes
configure:6875: checking for sys/types.h
configure:6896: gcc -c -g -O2  conftest.c >&5
configure:6903: $? = 0
configure:6920: result: yes
configure:6875: checking for sys/stat.h
configure:6896: gcc -c -g -O2  conftest.c >&5
configure:6903: $? = 0
configure:6920: result: yes
configure:6875: checking for stdlib.h
configure:6896: gcc -c -g -O2  conftest.c >&5
configure:6903: $? = 0
configure:6920: result: yes
configure:6875: checking for string.h
configure:6896: gcc -c -g -O2  conftest.c >&5
configure:6903: $? = 0
configure:6920: result: yes
configure:6875: checking for memory.h
configure:6896: gcc -c -g -O2  conftest.c >&5
configure:6903: $? = 0
configure:6920: result: yes
configure:6875: checking for strings.h
configure:6896: gcc -c -g -O2  conftest.c >&5
configure:6903: $? = 0
configure:6920: result: yes
configure:6875: checking for inttypes.h
configure:6896: gcc -c -g -O2  conftest.c >&5
configure:6903: $? = 0
configure:6920: result: yes
configure:6875: checking for stdint.h
configure:6896: gcc -c -g -O2  conftest.c >&5
configure:6903: $? = 0
configure:6920: result: yes
configure:6875: checking for unistd.h
configure:6896: gcc -c -g -O2  conftest.c >&5
configure:6903: $? = 0
configure:6920: result: yes
configure:6938: checking for dlfcn.h
configure:6959: gcc -c -g -O2  conftest.c >&5
configure:6966: $? = 0
configure:6983: result: yes
configure:7169: checking for objdir
configure:7184: result: .libs
configure:7476: checking if gcc supports -fno-rtti -fno-exceptions
configure:7494: gcc -c -g -O2  -fno-rtti -fno-exceptions conftest.c >&5
cc1: warning: command line option '-fno-rtti' is valid for C++/ObjC++ but not for C [enabled by default]
configure:7498: $? = 0
configure:7511: result: no
configure:7531: checking for gcc option to produce PIC
configure:7803: result: -fPIC -DPIC
configure:7815: checking if gcc PIC flag -fPIC -DPIC works
configure:7833: gcc -c -g -O2  -fPIC -DPIC -DPIC conftest.c >&5
configure:7837: $? = 0
configure:7850: result: yes
configure:7874: checking if gcc static flag -static works
configure:7902: result: no
configure:7917: checking if gcc supports -c -o file.o
configure:7938: gcc -c -g -O2  -o out/conftest2.o conftest.c >&5
configure:7942: $? = 0
configure:7964: result: yes
configure:7972: checking if gcc supports -c -o file.o
configure:8019: result: yes
configure:8052: checking whether the gcc linker (/opt/rh/devtoolset-1.1/root/usr/libexec/gcc/x86_64-redhat-linux/4.7.2/ld -m elf_x86_64) supports shared libraries
configure:9126: result: yes
configure:9365: checking dynamic linker characteristics
configure:9808: gcc -o conftest -g -O2   -Wl,-rpath -Wl,/foo conftest.c  >&5
configure:9815: $? = 0
configure:10051: result: GNU/Linux ld.so
configure:10153: checking how to hardcode library paths into programs
configure:10178: result: immediate
configure:11011: checking whether stripping libraries is possible
configure:11016: result: yes
configure:11051: checking if libtool supports shared libraries
configure:11053: result: yes
configure:11056: checking whether to build shared libraries
configure:11077: result: no
configure:11080: checking whether to build static libraries
configure:11084: result: yes
configure:11178: checking for g++
configure:11194: found /opt/rh/devtoolset-1.1/root/usr/bin/g++
configure:11205: result: g++
configure:11232: checking for C++ compiler version
configure:11240: g++ --version >&5
g++ (GCC) 4.7.2 20121015 (Red Hat 4.7.2-5)
Copyright (C) 2012 Free Software Foundation, Inc.
This is free software; see the source for copying conditions.  There is NO
warranty; not even for MERCHANTABILITY or FITNESS FOR A PARTICULAR PURPOSE.

configure:11244: $? = 0
configure:11251: g++ -v >&5
Using built-in specs.
COLLECT_GCC=g++
COLLECT_LTO_WRAPPER=/opt/rh/devtoolset-1.1/root/usr/libexec/gcc/x86_64-redhat-linux/4.7.2/lto-wrapper
Target: x86_64-redhat-linux
Configured with: ../configure --prefix=/opt/rh/devtoolset-1.1/root/usr --mandir=/opt/rh/devtoolset-1.1/root/usr/share/man --infodir=/opt/rh/devtoolset-1.1/root/usr/share/info --with-bugurl=http://bugzilla.redhat.com/bugzilla --enable-bootstrap --enable-shared --enable-threads=posix --enable-checking=release --disable-build-with-cxx --disable-build-poststage1-with-cxx --with-system-zlib --enable-__cxa_atexit --disable-libunwind-exceptions --enable-gnu-unique-object --enable-linker-build-id --enable-languages=c,c++,fortran,lto --enable-plugin --with-linker-hash-style=gnu --enable-initfini-array --disable-libgcj --with-ppl --with-cloog --with-mpc=/builddir/build/BUILD/gcc-4.7.2-20121015/obj-x86_64-redhat-linux/mpc-install --with-tune=generic --with-arch_32=i686 --build=x86_64-redhat-linux
Thread model: posix
gcc version 4.7.2 20121015 (Red Hat 4.7.2-5) (GCC) 
configure:11255: $? = 0
configure:11262: g++ -V >&5
g++: error: unrecognized command line option '-V'
g++: fatal error: no input files
compilation terminated.
configure:11266: $? = 4
configure:11269: checking whether we are using the GNU C++ compiler
configure:11298: g++ -c   conftest.cpp >&5
configure:11305: $? = 0
configure:11322: result: yes
configure:11331: checking whether g++ accepts -g
configure:11361: g++ -c -g  conftest.cpp >&5
configure:11368: $? = 0
configure:11469: result: yes
configure:11494: checking dependency style of g++
configure:11604: result: gcc3
configure:11732: checking for C++ compiler version
configure:11740: g++ --version >&5
g++ (GCC) 4.7.2 20121015 (Red Hat 4.7.2-5)
Copyright (C) 2012 Free Software Foundation, Inc.
This is free software; see the source for copying conditions.  There is NO
warranty; not even for MERCHANTABILITY or FITNESS FOR A PARTICULAR PURPOSE.

configure:11744: $? = 0
configure:11751: g++ -v >&5
Using built-in specs.
COLLECT_GCC=g++
COLLECT_LTO_WRAPPER=/opt/rh/devtoolset-1.1/root/usr/libexec/gcc/x86_64-redhat-linux/4.7.2/lto-wrapper
Target: x86_64-redhat-linux
Configured with: ../configure --prefix=/opt/rh/devtoolset-1.1/root/usr --mandir=/opt/rh/devtoolset-1.1/root/usr/share/man --infodir=/opt/rh/devtoolset-1.1/root/usr/share/info --with-bugurl=http://bugzilla.redhat.com/bugzilla --enable-bootstrap --enable-shared --enable-threads=posix --enable-checking=release --disable-build-with-cxx --disable-build-poststage1-with-cxx --with-system-zlib --enable-__cxa_atexit --disable-libunwind-exceptions --enable-gnu-unique-object --enable-linker-build-id --enable-languages=c,c++,fortran,lto --enable-plugin --with-linker-hash-style=gnu --enable-initfini-array --disable-libgcj --with-ppl --with-cloog --with-mpc=/builddir/build/BUILD/gcc-4.7.2-20121015/obj-x86_64-redhat-linux/mpc-install --with-tune=generic --with-arch_32=i686 --build=x86_64-redhat-linux
Thread model: posix
gcc version 4.7.2 20121015 (Red Hat 4.7.2-5) (GCC) 
configure:11755: $? = 0
configure:11762: g++ -V >&5
g++: error: unrecognized command line option '-V'
g++: fatal error: no input files
compilation terminated.
configure:11766: $? = 4
configure:11769: checking whether we are using the GNU C++ compiler
configure:11822: result: yes
configure:11831: checking whether g++ accepts -g
configure:11969: result: yes
configure:11994: checking dependency style of g++
configure:12104: result: gcc3
configure:12127: checking how to run the C++ preprocessor
configure:12163: g++ -E  conftest.cpp
configure:12170: $? = 0
configure:12201: g++ -E  conftest.cpp
conftest.cpp:22:28: fatal error: ac_nonexistent.h: No such file or directory
compilation terminated.
configure:12208: $? = 1
configure: failed program was:
| /* confdefs.h.  */
| #define PACKAGE_NAME "snappy"
| #define PACKAGE_TARNAME "snappy"
| #define PACKAGE_VERSION "1.0.5"
| #define PACKAGE_STRING "snappy 1.0.5"
| #define PACKAGE_BUGREPORT ""
| #define PACKAGE "snappy"
| #define VERSION "1.0.5"
| #define STDC_HEADERS 1
| #define HAVE_SYS_TYPES_H 1
| #define HAVE_SYS_STAT_H 1
| #define HAVE_STDLIB_H 1
| #define HAVE_STRING_H 1
| #define HAVE_MEMORY_H 1
| #define HAVE_STRINGS_H 1
| #define HAVE_INTTYPES_H 1
| #define HAVE_STDINT_H 1
| #define HAVE_UNISTD_H 1
| #define HAVE_DLFCN_H 1
| #define LT_OBJDIR ".libs/"
| /* end confdefs.h.  */
| #include <ac_nonexistent.h>
configure:12241: result: g++ -E
configure:12270: g++ -E  conftest.cpp
configure:12277: $? = 0
configure:12308: g++ -E  conftest.cpp
conftest.cpp:22:28: fatal error: ac_nonexistent.h: No such file or directory
compilation terminated.
configure:12315: $? = 1
configure: failed program was:
| /* confdefs.h.  */
| #define PACKAGE_NAME "snappy"
| #define PACKAGE_TARNAME "snappy"
| #define PACKAGE_VERSION "1.0.5"
| #define PACKAGE_STRING "snappy 1.0.5"
| #define PACKAGE_BUGREPORT ""
| #define PACKAGE "snappy"
| #define VERSION "1.0.5"
| #define STDC_HEADERS 1
| #define HAVE_SYS_TYPES_H 1
| #define HAVE_SYS_STAT_H 1
| #define HAVE_STDLIB_H 1
| #define HAVE_STRING_H 1
| #define HAVE_MEMORY_H 1
| #define HAVE_STRINGS_H 1
| #define HAVE_INTTYPES_H 1
| #define HAVE_STDINT_H 1
| #define HAVE_UNISTD_H 1
| #define HAVE_DLFCN_H 1
| #define LT_OBJDIR ".libs/"
| /* end confdefs.h.  */
| #include <ac_nonexistent.h>
configure:12491: checking for ld used by g++
configure:12558: result: /opt/rh/devtoolset-1.1/root/usr/libexec/gcc/x86_64-redhat-linux/4.7.2/ld -m elf_x86_64
configure:12567: checking if the linker (/opt/rh/devtoolset-1.1/root/usr/libexec/gcc/x86_64-redhat-linux/4.7.2/ld -m elf_x86_64) is GNU ld
configure:12582: result: yes
configure:12637: checking whether the g++ linker (/opt/rh/devtoolset-1.1/root/usr/libexec/gcc/x86_64-redhat-linux/4.7.2/ld -m elf_x86_64) supports shared libraries
configure:13612: result: yes
configure:13640: g++ -c -g -O2  conftest.cpp >&5
configure:13643: $? = 0
configure:13825: checking for g++ option to produce PIC
configure:14142: result: -fPIC -DPIC
configure:14151: checking if g++ PIC flag -fPIC -DPIC works
configure:14169: g++ -c -g -O2  -fPIC -DPIC -DPIC conftest.cpp >&5
configure:14173: $? = 0
configure:14186: result: yes
configure:14207: checking if g++ static flag -static works
configure:14235: result: no
configure:14247: checking if g++ supports -c -o file.o
configure:14268: g++ -c -g -O2  -o out/conftest2.o conftest.cpp >&5
configure:14272: $? = 0
configure:14294: result: yes
configure:14299: checking if g++ supports -c -o file.o
configure:14346: result: yes
configure:14376: checking whether the g++ linker (/opt/rh/devtoolset-1.1/root/usr/libexec/gcc/x86_64-redhat-linux/4.7.2/ld -m elf_x86_64) supports shared libraries
configure:14402: result: yes
configure:14539: checking dynamic linker characteristics
configure:14930: g++ -o conftest -g -O2   -Wl,-rpath -Wl,/foo conftest.cpp  >&5
configure:14937: $? = 0
configure:15173: result: GNU/Linux ld.so
configure:15224: checking how to hardcode library paths into programs
configure:15249: result: immediate
configure:15295: checking whether byte ordering is bigendian
configure:15320: g++ -c -g -O2  conftest.cpp >&5
conftest.cpp:23:9: error: expected unqualified-id before 'not' token
configure:15327: $? = 1
configure: failed program was:
| /* confdefs.h.  */
| #define PACKAGE_NAME "snappy"
| #define PACKAGE_TARNAME "snappy"
| #define PACKAGE_VERSION "1.0.5"
| #define PACKAGE_STRING "snappy 1.0.5"
| #define PACKAGE_BUGREPORT ""
| #define PACKAGE "snappy"
| #define VERSION "1.0.5"
| #define STDC_HEADERS 1
| #define HAVE_SYS_TYPES_H 1
| #define HAVE_SYS_STAT_H 1
| #define HAVE_STDLIB_H 1
| #define HAVE_STRING_H 1
| #define HAVE_MEMORY_H 1
| #define HAVE_STRINGS_H 1
| #define HAVE_INTTYPES_H 1
| #define HAVE_STDINT_H 1
| #define HAVE_UNISTD_H 1
| #define HAVE_DLFCN_H 1
| #define LT_OBJDIR ".libs/"
| /* end confdefs.h.  */
| #ifndef __APPLE_CC__
| 	       not a universal capable compiler
| 	     #endif
| 	     typedef int dummy;
| 
configure:15377: g++ -c -g -O2  conftest.cpp >&5
configure:15384: $? = 0
configure:15416: g++ -c -g -O2  conftest.cpp >&5
conftest.cpp: In function 'int main()':
conftest.cpp:29:8: error: 'big' was not declared in this scope
conftest.cpp:29:12: error: expected ';' before 'endian'
configure:15423: $? = 1
configure: failed program was:
| /* confdefs.h.  */
| #define PACKAGE_NAME "snappy"
| #define PACKAGE_TARNAME "snappy"
| #define PACKAGE_VERSION "1.0.5"
| #define PACKAGE_STRING "snappy 1.0.5"
| #define PACKAGE_BUGREPORT ""
| #define PACKAGE "snappy"
| #define VERSION "1.0.5"
| #define STDC_HEADERS 1
| #define HAVE_SYS_TYPES_H 1
| #define HAVE_SYS_STAT_H 1
| #define HAVE_STDLIB_H 1
| #define HAVE_STRING_H 1
| #define HAVE_MEMORY_H 1
| #define HAVE_STRINGS_H 1
| #define HAVE_INTTYPES_H 1
| #define HAVE_STDINT_H 1
| #define HAVE_UNISTD_H 1
| #define HAVE_DLFCN_H 1
| #define LT_OBJDIR ".libs/"
| /* end confdefs.h.  */
| #include <sys/types.h>
| 		#include <sys/param.h>
| 
| int
| main ()
| {
| #if BYTE_ORDER != BIG_ENDIAN
| 		 not big endian
| 		#endif
| 
|   ;
|   return 0;
| }
configure:15675: result: no
configure:15713: checking for stdint.h
configure:15720: result: yes
configure:15724: checking stddef.h usability
configure:15741: g++ -c -g -O2  conftest.cpp >&5
configure:15748: $? = 0
configure:15762: result: yes
configure:15766: checking stddef.h presence
configure:15781: g++ -E  conftest.cpp
configure:15788: $? = 0
configure:15802: result: yes
configure:15830: checking for stddef.h
configure:15839: result: yes
configure:15724: checking sys/mman.h usability
configure:15741: g++ -c -g -O2  conftest.cpp >&5
configure:15748: $? = 0
configure:15762: result: yes
configure:15766: checking sys/mman.h presence
configure:15781: g++ -E  conftest.cpp
configure:15788: $? = 0
configure:15802: result: yes
configure:15830: checking for sys/mman.h
configure:15839: result: yes
configure:15724: checking sys/resource.h usability
configure:15741: g++ -c -g -O2  conftest.cpp >&5
configure:15748: $? = 0
configure:15762: result: yes
configure:15766: checking sys/resource.h presence
configure:15781: g++ -E  conftest.cpp
configure:15788: $? = 0
configure:15802: result: yes
configure:15830: checking for sys/resource.h
configure:15839: result: yes
configure:15724: checking windows.h usability
configure:15741: g++ -c -g -O2  conftest.cpp >&5
conftest.cpp:59:21: fatal error: windows.h: No such file or directory
compilation terminated.
configure:15748: $? = 1
configure: failed program was:
| /* confdefs.h.  */
| #define PACKAGE_NAME "snappy"
| #define PACKAGE_TARNAME "snappy"
| #define PACKAGE_VERSION "1.0.5"
| #define PACKAGE_STRING "snappy 1.0.5"
| #define PACKAGE_BUGREPORT ""
| #define PACKAGE "snappy"
| #define VERSION "1.0.5"
| #define STDC_HEADERS 1
| #define HAVE_SYS_TYPES_H 1
| #define HAVE_SYS_STAT_H 1
| #define HAVE_STDLIB_H 1
| #define HAVE_STRING_H 1
| #define HAVE_MEMORY_H 1
| #define HAVE_STRINGS_H 1
| #define HAVE_INTTYPES_H 1
| #define HAVE_STDINT_H 1
| #define HAVE_UNISTD_H 1
| #define HAVE_DLFCN_H 1
| #define LT_OBJDIR ".libs/"
| #define HAVE_STDINT_H 1
| #define HAVE_STDDEF_H 1
| #define HAVE_SYS_MMAN_H 1
| #define HAVE_SYS_RESOURCE_H 1
| /* end confdefs.h.  */
| #include <stdio.h>
| #ifdef HAVE_SYS_TYPES_H
| # include <sys/types.h>
| #endif
| #ifdef HAVE_SYS_STAT_H
| # include <sys/stat.h>
| #endif
| #ifdef STDC_HEADERS
| # include <stdlib.h>
| # include <stddef.h>
| #else
| # ifdef HAVE_STDLIB_H
| #  include <stdlib.h>
| # endif
| #endif
| #ifdef HAVE_STRING_H
| # if !defined STDC_HEADERS && defined HAVE_MEMORY_H
| #  include <memory.h>
| # endif
| # include <string.h>
| #endif
| #ifdef HAVE_STRINGS_H
| # include <strings.h>
| #endif
| #ifdef HAVE_INTTYPES_H
| # include <inttypes.h>
| #endif
| #ifdef HAVE_STDINT_H
| # include <stdint.h>
| #endif
| #ifdef HAVE_UNISTD_H
| # include <unistd.h>
| #endif
| #include <windows.h>
configure:15762: result: no
configure:15766: checking windows.h presence
configure:15781: g++ -E  conftest.cpp
conftest.cpp:26:21: fatal error: windows.h: No such file or directory
compilation terminated.
configure:15788: $? = 1
configure: failed program was:
| /* confdefs.h.  */
| #define PACKAGE_NAME "snappy"
| #define PACKAGE_TARNAME "snappy"
| #define PACKAGE_VERSION "1.0.5"
| #define PACKAGE_STRING "snappy 1.0.5"
| #define PACKAGE_BUGREPORT ""
| #define PACKAGE "snappy"
| #define VERSION "1.0.5"
| #define STDC_HEADERS 1
| #define HAVE_SYS_TYPES_H 1
| #define HAVE_SYS_STAT_H 1
| #define HAVE_STDLIB_H 1
| #define HAVE_STRING_H 1
| #define HAVE_MEMORY_H 1
| #define HAVE_STRINGS_H 1
| #define HAVE_INTTYPES_H 1
| #define HAVE_STDINT_H 1
| #define HAVE_UNISTD_H 1
| #define HAVE_DLFCN_H 1
| #define LT_OBJDIR ".libs/"
| #define HAVE_STDINT_H 1
| #define HAVE_STDDEF_H 1
| #define HAVE_SYS_MMAN_H 1
| #define HAVE_SYS_RESOURCE_H 1
| /* end confdefs.h.  */
| #include <windows.h>
configure:15802: result: no
configure:15830: checking for windows.h
configure:15839: result: no
configure:15724: checking byteswap.h usability
configure:15741: g++ -c -g -O2  conftest.cpp >&5
configure:15748: $? = 0
configure:15762: result: yes
configure:15766: checking byteswap.h presence
configure:15781: g++ -E  conftest.cpp
configure:15788: $? = 0
configure:15802: result: yes
configure:15830: checking for byteswap.h
configure:15839: result: yes
configure:15724: checking sys/byteswap.h usability
configure:15741: g++ -c -g -O2  conftest.cpp >&5
conftest.cpp:60:26: fatal error: sys/byteswap.h: No such file or directory
compilation terminated.
configure:15748: $? = 1
configure: failed program was:
| /* confdefs.h.  */
| #define PACKAGE_NAME "snappy"
| #define PACKAGE_TARNAME "snappy"
| #define PACKAGE_VERSION "1.0.5"
| #define PACKAGE_STRING "snappy 1.0.5"
| #define PACKAGE_BUGREPORT ""
| #define PACKAGE "snappy"
| #define VERSION "1.0.5"
| #define STDC_HEADERS 1
| #define HAVE_SYS_TYPES_H 1
| #define HAVE_SYS_STAT_H 1
| #define HAVE_STDLIB_H 1
| #define HAVE_STRING_H 1
| #define HAVE_MEMORY_H 1
| #define HAVE_STRINGS_H 1
| #define HAVE_INTTYPES_H 1
| #define HAVE_STDINT_H 1
| #define HAVE_UNISTD_H 1
| #define HAVE_DLFCN_H 1
| #define LT_OBJDIR ".libs/"
| #define HAVE_STDINT_H 1
| #define HAVE_STDDEF_H 1
| #define HAVE_SYS_MMAN_H 1
| #define HAVE_SYS_RESOURCE_H 1
| #define HAVE_BYTESWAP_H 1
| /* end confdefs.h.  */
| #include <stdio.h>
| #ifdef HAVE_SYS_TYPES_H
| # include <sys/types.h>
| #endif
| #ifdef HAVE_SYS_STAT_H
| # include <sys/stat.h>
| #endif
| #ifdef STDC_HEADERS
| # include <stdlib.h>
| # include <stddef.h>
| #else
| # ifdef HAVE_STDLIB_H
| #  include <stdlib.h>
| # endif
| #endif
| #ifdef HAVE_STRING_H
| # if !defined STDC_HEADERS && defined HAVE_MEMORY_H
| #  include <memory.h>
| # endif
| # include <string.h>
| #endif
| #ifdef HAVE_STRINGS_H
| # include <strings.h>
| #endif
| #ifdef HAVE_INTTYPES_H
| # include <inttypes.h>
| #endif
| #ifdef HAVE_STDINT_H
| # include <stdint.h>
| #endif
| #ifdef HAVE_UNISTD_H
| # include <unistd.h>
| #endif
| #include <sys/byteswap.h>
configure:15762: result: no
configure:15766: checking sys/byteswap.h presence
configure:15781: g++ -E  conftest.cpp
conftest.cpp:27:26: fatal error: sys/byteswap.h: No such file or directory
compilation terminated.
configure:15788: $? = 1
configure: failed program was:
| /* confdefs.h.  */
| #define PACKAGE_NAME "snappy"
| #define PACKAGE_TARNAME "snappy"
| #define PACKAGE_VERSION "1.0.5"
| #define PACKAGE_STRING "snappy 1.0.5"
| #define PACKAGE_BUGREPORT ""
| #define PACKAGE "snappy"
| #define VERSION "1.0.5"
| #define STDC_HEADERS 1
| #define HAVE_SYS_TYPES_H 1
| #define HAVE_SYS_STAT_H 1
| #define HAVE_STDLIB_H 1
| #define HAVE_STRING_H 1
| #define HAVE_MEMORY_H 1
| #define HAVE_STRINGS_H 1
| #define HAVE_INTTYPES_H 1
| #define HAVE_STDINT_H 1
| #define HAVE_UNISTD_H 1
| #define HAVE_DLFCN_H 1
| #define LT_OBJDIR ".libs/"
| #define HAVE_STDINT_H 1
| #define HAVE_STDDEF_H 1
| #define HAVE_SYS_MMAN_H 1
| #define HAVE_SYS_RESOURCE_H 1
| #define HAVE_BYTESWAP_H 1
| /* end confdefs.h.  */
| #include <sys/byteswap.h>
configure:15802: result: no
configure:15830: checking for sys/byteswap.h
configure:15839: result: no
configure:15724: checking sys/endian.h usability
configure:15741: g++ -c -g -O2  conftest.cpp >&5
conftest.cpp:60:24: fatal error: sys/endian.h: No such file or directory
compilation terminated.
configure:15748: $? = 1
configure: failed program was:
| /* confdefs.h.  */
| #define PACKAGE_NAME "snappy"
| #define PACKAGE_TARNAME "snappy"
| #define PACKAGE_VERSION "1.0.5"
| #define PACKAGE_STRING "snappy 1.0.5"
| #define PACKAGE_BUGREPORT ""
| #define PACKAGE "snappy"
| #define VERSION "1.0.5"
| #define STDC_HEADERS 1
| #define HAVE_SYS_TYPES_H 1
| #define HAVE_SYS_STAT_H 1
| #define HAVE_STDLIB_H 1
| #define HAVE_STRING_H 1
| #define HAVE_MEMORY_H 1
| #define HAVE_STRINGS_H 1
| #define HAVE_INTTYPES_H 1
| #define HAVE_STDINT_H 1
| #define HAVE_UNISTD_H 1
| #define HAVE_DLFCN_H 1
| #define LT_OBJDIR ".libs/"
| #define HAVE_STDINT_H 1
| #define HAVE_STDDEF_H 1
| #define HAVE_SYS_MMAN_H 1
| #define HAVE_SYS_RESOURCE_H 1
| #define HAVE_BYTESWAP_H 1
| /* end confdefs.h.  */
| #include <stdio.h>
| #ifdef HAVE_SYS_TYPES_H
| # include <sys/types.h>
| #endif
| #ifdef HAVE_SYS_STAT_H
| # include <sys/stat.h>
| #endif
| #ifdef STDC_HEADERS
| # include <stdlib.h>
| # include <stddef.h>
| #else
| # ifdef HAVE_STDLIB_H
| #  include <stdlib.h>
| # endif
| #endif
| #ifdef HAVE_STRING_H
| # if !defined STDC_HEADERS && defined HAVE_MEMORY_H
| #  include <memory.h>
| # endif
| # include <string.h>
| #endif
| #ifdef HAVE_STRINGS_H
| # include <strings.h>
| #endif
| #ifdef HAVE_INTTYPES_H
| # include <inttypes.h>
| #endif
| #ifdef HAVE_STDINT_H
| # include <stdint.h>
| #endif
| #ifdef HAVE_UNISTD_H
| # include <unistd.h>
| #endif
| #include <sys/endian.h>
configure:15762: result: no
configure:15766: checking sys/endian.h presence
configure:15781: g++ -E  conftest.cpp
conftest.cpp:27:24: fatal error: sys/endian.h: No such file or directory
compilation terminated.
configure:15788: $? = 1
configure: failed program was:
| /* confdefs.h.  */
| #define PACKAGE_NAME "snappy"
| #define PACKAGE_TARNAME "snappy"
| #define PACKAGE_VERSION "1.0.5"
| #define PACKAGE_STRING "snappy 1.0.5"
| #define PACKAGE_BUGREPORT ""
| #define PACKAGE "snappy"
| #define VERSION "1.0.5"
| #define STDC_HEADERS 1
| #define HAVE_SYS_TYPES_H 1
| #define HAVE_SYS_STAT_H 1
| #define HAVE_STDLIB_H 1
| #define HAVE_STRING_H 1
| #define HAVE_MEMORY_H 1
| #define HAVE_STRINGS_H 1
| #define HAVE_INTTYPES_H 1
| #define HAVE_STDINT_H 1
| #define HAVE_UNISTD_H 1
| #define HAVE_DLFCN_H 1
| #define LT_OBJDIR ".libs/"
| #define HAVE_STDINT_H 1
| #define HAVE_STDDEF_H 1
| #define HAVE_SYS_MMAN_H 1
| #define HAVE_SYS_RESOURCE_H 1
| #define HAVE_BYTESWAP_H 1
| /* end confdefs.h.  */
| #include <sys/endian.h>
configure:15802: result: no
configure:15830: checking for sys/endian.h
configure:15839: result: no
configure:15857: checking for mmap
configure:15913: g++ -o conftest -g -O2   conftest.cpp  >&5
configure:15920: $? = 0
configure:15940: result: yes
configure:15960: checking for 'gtest-config'
configure:15987: checking for gtest-config
configure:16020: result: no
configure:16043: result: no
configure:16146: checking for pkg-config
configure:16164: found /usr/bin/pkg-config
configure:16176: result: /usr/bin/pkg-config
configure:16201: checking pkg-config is at least version 0.9.0
configure:16204: result: yes
configure:16215: checking for gflags
configure:16222: $PKG_CONFIG --exists --print-errors "libgflags"
Package libgflags was not found in the pkg-config search path.
Perhaps you should add the directory containing `libgflags.pc'
to the PKG_CONFIG_PATH environment variable
No package 'libgflags' found
configure:16225: $? = 1
configure:16238: $PKG_CONFIG --exists --print-errors "libgflags"
Package libgflags was not found in the pkg-config search path.
Perhaps you should add the directory containing `libgflags.pc'
to the PKG_CONFIG_PATH environment variable
No package 'libgflags' found
configure:16241: $? = 1
No package 'libgflags' found
configure:16268: result: no
configure:16304: checking if the compiler supports __builtin_expect
configure:16330: g++ -c -g -O2  conftest.cpp >&5
configure:16337: $? = 0
configure:16344: result: yes
configure:16369: checking if the compiler supports __builtin_ctzll
configure:16395: g++ -c -g -O2  conftest.cpp >&5
configure:16402: $? = 0
configure:16409: result: yes
configure:16439: checking for zlibVersion in -lz
configure:16474: g++ -o conftest -g -O2   conftest.cpp -lz   >&5
configure:16481: $? = 0
configure:16502: result: yes
configure:16521: checking for lzo1x_1_15_compress in -llzo2
configure:16556: g++ -o conftest -g -O2   conftest.cpp -llzo2   >&5
/opt/rh/devtoolset-1.1/root/usr/libexec/gcc/x86_64-redhat-linux/4.7.2/ld: cannot find -llzo2
collect2: error: ld returned 1 exit status
configure:16563: $? = 1
configure: failed program was:
| /* confdefs.h.  */
| #define PACKAGE_NAME "snappy"
| #define PACKAGE_TARNAME "snappy"
| #define PACKAGE_VERSION "1.0.5"
| #define PACKAGE_STRING "snappy 1.0.5"
| #define PACKAGE_BUGREPORT ""
| #define PACKAGE "snappy"
| #define VERSION "1.0.5"
| #define STDC_HEADERS 1
| #define HAVE_SYS_TYPES_H 1
| #define HAVE_SYS_STAT_H 1
| #define HAVE_STDLIB_H 1
| #define HAVE_STRING_H 1
| #define HAVE_MEMORY_H 1
| #define HAVE_STRINGS_H 1
| #define HAVE_INTTYPES_H 1
| #define HAVE_STDINT_H 1
| #define HAVE_UNISTD_H 1
| #define HAVE_DLFCN_H 1
| #define LT_OBJDIR ".libs/"
| #define HAVE_STDINT_H 1
| #define HAVE_STDDEF_H 1
| #define HAVE_SYS_MMAN_H 1
| #define HAVE_SYS_RESOURCE_H 1
| #define HAVE_BYTESWAP_H 1
| #define HAVE_BUILTIN_EXPECT 1
| #define HAVE_BUILTIN_CTZ 1
| #define HAVE_LIBZ 1
| /* end confdefs.h.  */
| 
| /* Override any GCC internal prototype to avoid an error.
|    Use char because int might match the return type of a GCC
|    builtin and then its argument prototype would still apply.  */
| #ifdef __cplusplus
| extern "C"
| #endif
| char lzo1x_1_15_compress ();
| int
| main ()
| {
| return lzo1x_1_15_compress ();
|   ;
|   return 0;
| }
configure:16584: result: no
configure:16603: checking for lzf_compress in -llzf
configure:16638: g++ -o conftest -g -O2   conftest.cpp -llzf   >&5
/opt/rh/devtoolset-1.1/root/usr/libexec/gcc/x86_64-redhat-linux/4.7.2/ld: cannot find -llzf
collect2: error: ld returned 1 exit status
configure:16645: $? = 1
configure: failed program was:
| /* confdefs.h.  */
| #define PACKAGE_NAME "snappy"
| #define PACKAGE_TARNAME "snappy"
| #define PACKAGE_VERSION "1.0.5"
| #define PACKAGE_STRING "snappy 1.0.5"
| #define PACKAGE_BUGREPORT ""
| #define PACKAGE "snappy"
| #define VERSION "1.0.5"
| #define STDC_HEADERS 1
| #define HAVE_SYS_TYPES_H 1
| #define HAVE_SYS_STAT_H 1
| #define HAVE_STDLIB_H 1
| #define HAVE_STRING_H 1
| #define HAVE_MEMORY_H 1
| #define HAVE_STRINGS_H 1
| #define HAVE_INTTYPES_H 1
| #define HAVE_STDINT_H 1
| #define HAVE_UNISTD_H 1
| #define HAVE_DLFCN_H 1
| #define LT_OBJDIR ".libs/"
| #define HAVE_STDINT_H 1
| #define HAVE_STDDEF_H 1
| #define HAVE_SYS_MMAN_H 1
| #define HAVE_SYS_RESOURCE_H 1
| #define HAVE_BYTESWAP_H 1
| #define HAVE_BUILTIN_EXPECT 1
| #define HAVE_BUILTIN_CTZ 1
| #define HAVE_LIBZ 1
| /* end confdefs.h.  */
| 
| /* Override any GCC internal prototype to avoid an error.
|    Use char because int might match the return type of a GCC
|    builtin and then its argument prototype would still apply.  */
| #ifdef __cplusplus
| extern "C"
| #endif
| char lzf_compress ();
| int
| main ()
| {
| return lzf_compress ();
|   ;
|   return 0;
| }
configure:16666: result: no
configure:16685: checking for fastlz_compress in -lfastlz
configure:16720: g++ -o conftest -g -O2   conftest.cpp -lfastlz   >&5
/opt/rh/devtoolset-1.1/root/usr/libexec/gcc/x86_64-redhat-linux/4.7.2/ld: cannot find -lfastlz
collect2: error: ld returned 1 exit status
configure:16727: $? = 1
configure: failed program was:
| /* confdefs.h.  */
| #define PACKAGE_NAME "snappy"
| #define PACKAGE_TARNAME "snappy"
| #define PACKAGE_VERSION "1.0.5"
| #define PACKAGE_STRING "snappy 1.0.5"
| #define PACKAGE_BUGREPORT ""
| #define PACKAGE "snappy"
| #define VERSION "1.0.5"
| #define STDC_HEADERS 1
| #define HAVE_SYS_TYPES_H 1
| #define HAVE_SYS_STAT_H 1
| #define HAVE_STDLIB_H 1
| #define HAVE_STRING_H 1
| #define HAVE_MEMORY_H 1
| #define HAVE_STRINGS_H 1
| #define HAVE_INTTYPES_H 1
| #define HAVE_STDINT_H 1
| #define HAVE_UNISTD_H 1
| #define HAVE_DLFCN_H 1
| #define LT_OBJDIR ".libs/"
| #define HAVE_STDINT_H 1
| #define HAVE_STDDEF_H 1
| #define HAVE_SYS_MMAN_H 1
| #define HAVE_SYS_RESOURCE_H 1
| #define HAVE_BYTESWAP_H 1
| #define HAVE_BUILTIN_EXPECT 1
| #define HAVE_BUILTIN_CTZ 1
| #define HAVE_LIBZ 1
| /* end confdefs.h.  */
| 
| /* Override any GCC internal prototype to avoid an error.
|    Use char because int might match the return type of a GCC
|    builtin and then its argument prototype would still apply.  */
| #ifdef __cplusplus
| extern "C"
| #endif
| char fastlz_compress ();
| int
| main ()
| {
| return fastlz_compress ();
|   ;
|   return 0;
| }
configure:16748: result: no
configure:16767: checking for qlz_compress in -lquicklz
configure:16802: g++ -o conftest -g -O2   conftest.cpp -lquicklz   >&5
/opt/rh/devtoolset-1.1/root/usr/libexec/gcc/x86_64-redhat-linux/4.7.2/ld: cannot find -lquicklz
collect2: error: ld returned 1 exit status
configure:16809: $? = 1
configure: failed program was:
| /* confdefs.h.  */
| #define PACKAGE_NAME "snappy"
| #define PACKAGE_TARNAME "snappy"
| #define PACKAGE_VERSION "1.0.5"
| #define PACKAGE_STRING "snappy 1.0.5"
| #define PACKAGE_BUGREPORT ""
| #define PACKAGE "snappy"
| #define VERSION "1.0.5"
| #define STDC_HEADERS 1
| #define HAVE_SYS_TYPES_H 1
| #define HAVE_SYS_STAT_H 1
| #define HAVE_STDLIB_H 1
| #define HAVE_STRING_H 1
| #define HAVE_MEMORY_H 1
| #define HAVE_STRINGS_H 1
| #define HAVE_INTTYPES_H 1
| #define HAVE_STDINT_H 1
| #define HAVE_UNISTD_H 1
| #define HAVE_DLFCN_H 1
| #define LT_OBJDIR ".libs/"
| #define HAVE_STDINT_H 1
| #define HAVE_STDDEF_H 1
| #define HAVE_SYS_MMAN_H 1
| #define HAVE_SYS_RESOURCE_H 1
| #define HAVE_BYTESWAP_H 1
| #define HAVE_BUILTIN_EXPECT 1
| #define HAVE_BUILTIN_CTZ 1
| #define HAVE_LIBZ 1
| /* end confdefs.h.  */
| 
| /* Override any GCC internal prototype to avoid an error.
|    Use char because int might match the return type of a GCC
|    builtin and then its argument prototype would still apply.  */
| #ifdef __cplusplus
| extern "C"
| #endif
| char qlz_compress ();
| int
| main ()
| {
| return qlz_compress ();
|   ;
|   return 0;
| }
configure:16830: result: no
configure:17025: creating ./config.status

## ---------------- ##
## Cache variables. ##
## ---------------- ##

ac_cv_build=x86_64-unknown-linux-gnu
ac_cv_c_bigendian=no
ac_cv_c_compiler_gnu=yes
ac_cv_cxx_compiler_gnu=yes
ac_cv_env_CCC_set=
ac_cv_env_CCC_value=
ac_cv_env_CC_set=
ac_cv_env_CC_value=
ac_cv_env_CFLAGS_set=
ac_cv_env_CFLAGS_value=
ac_cv_env_CPPFLAGS_set=
ac_cv_env_CPPFLAGS_value=
ac_cv_env_CPP_set=
ac_cv_env_CPP_value=
ac_cv_env_CXXCPP_set=
ac_cv_env_CXXCPP_value=
ac_cv_env_CXXFLAGS_set=
ac_cv_env_CXXFLAGS_value=
ac_cv_env_CXX_set=
ac_cv_env_CXX_value=
ac_cv_env_GTEST_CONFIG_set=
ac_cv_env_GTEST_CONFIG_value=
ac_cv_env_GTEST_CPPFLAGS_set=
ac_cv_env_GTEST_CPPFLAGS_value=
ac_cv_env_GTEST_CXXFLAGS_set=
ac_cv_env_GTEST_CXXFLAGS_value=
ac_cv_env_GTEST_LDFLAGS_set=
ac_cv_env_GTEST_LDFLAGS_value=
ac_cv_env_GTEST_LIBS_set=
ac_cv_env_GTEST_LIBS_value=
ac_cv_env_GTEST_VERSION_set=
ac_cv_env_GTEST_VERSION_value=
ac_cv_env_LDFLAGS_set=
ac_cv_env_LDFLAGS_value=
ac_cv_env_LIBS_set=
ac_cv_env_LIBS_value=
ac_cv_env_PKG_CONFIG_set=
ac_cv_env_PKG_CONFIG_value=
ac_cv_env_build_alias_set=
ac_cv_env_build_alias_value=
ac_cv_env_gflags_CFLAGS_set=
ac_cv_env_gflags_CFLAGS_value=
ac_cv_env_gflags_LIBS_set=
ac_cv_env_gflags_LIBS_value=
ac_cv_env_host_alias_set=
ac_cv_env_host_alias_value=
ac_cv_env_target_alias_set=
ac_cv_env_target_alias_value=
ac_cv_func_mmap=yes
ac_cv_have_stddef_h=1
ac_cv_have_stdint_h=1
ac_cv_header_byteswap_h=yes
ac_cv_header_dlfcn_h=yes
ac_cv_header_inttypes_h=yes
ac_cv_header_memory_h=yes
ac_cv_header_stdc=yes
ac_cv_header_stddef_h=yes
ac_cv_header_stdint_h=yes
ac_cv_header_stdlib_h=yes
ac_cv_header_string_h=yes
ac_cv_header_strings_h=yes
ac_cv_header_sys_byteswap_h=no
ac_cv_header_sys_endian_h=no
ac_cv_header_sys_mman_h=yes
ac_cv_header_sys_resource_h=yes
ac_cv_header_sys_stat_h=yes
ac_cv_header_sys_types_h=yes
ac_cv_header_unistd_h=yes
ac_cv_header_windows_h=no
ac_cv_host=x86_64-unknown-linux-gnu
ac_cv_lib_fastlz_fastlz_compress=no
ac_cv_lib_lzf_lzf_compress=no
ac_cv_lib_lzo2_lzo1x_1_15_compress=no
ac_cv_lib_quicklz_qlz_compress=no
ac_cv_lib_z_zlibVersion=yes
ac_cv_objext=o
ac_cv_path_EGREP='/bin/grep -E'
ac_cv_path_FGREP='/bin/grep -F'
ac_cv_path_GREP=/bin/grep
ac_cv_path_SED=/bin/sed
ac_cv_path_ac_pt_PKG_CONFIG=/usr/bin/pkg-config
ac_cv_path_install='/usr/bin/install -c'
ac_cv_path_mkdir=/bin/mkdir
ac_cv_prog_AWK=gawk
ac_cv_prog_CPP='gcc -E'
ac_cv_prog_CXXCPP='g++ -E'
ac_cv_prog_ac_ct_AR=ar
ac_cv_prog_ac_ct_CC=gcc
ac_cv_prog_ac_ct_CXX=g++
ac_cv_prog_ac_ct_OBJDUMP=objdump
ac_cv_prog_ac_ct_RANLIB=ranlib
ac_cv_prog_ac_ct_STRIP=strip
ac_cv_prog_cc_c89=
ac_cv_prog_cc_g=yes
ac_cv_prog_cxx_g=yes
ac_cv_prog_make_make_set=yes
am_cv_CC_dependencies_compiler_type=gcc3
am_cv_CXX_dependencies_compiler_type=gcc3
lt_cv_deplibs_check_method=pass_all
lt_cv_file_magic_cmd='$MAGIC_CMD'
lt_cv_file_magic_test_file=
lt_cv_ld_reload_flag=-r
lt_cv_nm_interface='BSD nm'
lt_cv_objdir=.libs
lt_cv_path_LD=/opt/rh/devtoolset-1.1/root/usr/libexec/gcc/x86_64-redhat-linux/4.7.2/ld
lt_cv_path_LDCXX='/opt/rh/devtoolset-1.1/root/usr/libexec/gcc/x86_64-redhat-linux/4.7.2/ld -m elf_x86_64'
lt_cv_path_NM='/opt/rh/devtoolset-1.1/root/usr/bin/nm -B'
lt_cv_prog_compiler_c_o=yes
lt_cv_prog_compiler_c_o_CXX=yes
lt_cv_prog_compiler_pic_works=yes
lt_cv_prog_compiler_pic_works_CXX=yes
lt_cv_prog_compiler_rtti_exceptions=no
lt_cv_prog_compiler_static_works=no
lt_cv_prog_compiler_static_works_CXX=no
lt_cv_prog_gnu_ld=yes
lt_cv_prog_gnu_ldcxx=yes
lt_cv_sys_global_symbol_pipe='sed -n -e '\''s/^.*[	 ]\([ABCDGIRSTW][ABCDGIRSTW]*\)[	 ][	 ]*\([_A-Za-z][_A-Za-z0-9]*\)$/\1 \2 \2/p'\'''
lt_cv_sys_global_symbol_to_c_name_address='sed -n -e '\''s/^: \([^ ]*\) $/  {\"\1\", (void *) 0},/p'\'' -e '\''s/^[ABCDGIRSTW]* \([^ ]*\) \([^ ]*\)$/  {"\2", (void *) \&\2},/p'\'''
lt_cv_sys_global_symbol_to_c_name_address_lib_prefix='sed -n -e '\''s/^: \([^ ]*\) $/  {\"\1\", (void *) 0},/p'\'' -e '\''s/^[ABCDGIRSTW]* \([^ ]*\) \(lib[^ ]*\)$/  {"\2", (void *) \&\2},/p'\'' -e '\''s/^[ABCDGIRSTW]* \([^ ]*\) \([^ ]*\)$/  {"lib\2", (void *) \&\2},/p'\'''
lt_cv_sys_global_symbol_to_cdecl='sed -n -e '\''s/^T .* \(.*\)$/extern int \1();/p'\'' -e '\''s/^[ABCDGIRSTW]* .* \(.*\)$/extern char \1;/p'\'''
lt_cv_sys_max_cmd_len=1966080

## ----------------- ##
## Output variables. ##
## ----------------- ##

ACLOCAL='${SHELL} /home/aigupta/rocksdbjni/snappy-1.0.5/missing --run aclocal-1.11'
AMDEPBACKSLASH='\'
AMDEP_FALSE='#'
AMDEP_TRUE=''
AMTAR='${SHELL} /home/aigupta/rocksdbjni/snappy-1.0.5/missing --run tar'
AR='ar'
AUTOCONF='${SHELL} /home/aigupta/rocksdbjni/snappy-1.0.5/missing --run autoconf'
AUTOHEADER='${SHELL} /home/aigupta/rocksdbjni/snappy-1.0.5/missing --run autoheader'
AUTOMAKE='${SHELL} /home/aigupta/rocksdbjni/snappy-1.0.5/missing --run automake-1.11'
AWK='gawk'
CC='gcc'
CCDEPMODE='depmode=gcc3'
CFLAGS='-g -O2'
CPP='gcc -E'
CPPFLAGS=''
CXX='g++'
CXXCPP='g++ -E'
CXXDEPMODE='depmode=gcc3'
CXXFLAGS='-g -O2'
CYGPATH_W='echo'
DEFS='-DHAVE_CONFIG_H'
DEPDIR='.deps'
DSYMUTIL=''
DUMPBIN=''
ECHO_C=''
ECHO_N='-n'
ECHO_T=''
EGREP='/bin/grep -E'
EXEEXT=''
FGREP='/bin/grep -F'
GREP='/bin/grep'
GTEST_CONFIG=''
GTEST_CPPFLAGS=''
GTEST_CXXFLAGS=''
GTEST_LDFLAGS=''
GTEST_LIBS=''
GTEST_VERSION=''
HAVE_GTEST='no'
HAVE_GTEST_FALSE=''
HAVE_GTEST_TRUE='#'
INSTALL_DATA='${INSTALL} -m 644'
INSTALL_PROGRAM='${INSTALL}'
INSTALL_SCRIPT='${INSTALL}'
INSTALL_STRIP_PROGRAM='$(install_sh) -c -s'
LD='/opt/rh/devtoolset-1.1/root/usr/libexec/gcc/x86_64-redhat-linux/4.7.2/ld -m elf_x86_64'
LDFLAGS=''
LIBOBJS=''
LIBS=''
LIBTOOL='$(SHELL) $(top_builddir)/libtool'
LIBTOOL_DEPS='./ltmain.sh'
LIPO=''
LN_S='ln -s'
LTLIBOBJS=''
MAKEINFO='${SHELL} /home/aigupta/rocksdbjni/snappy-1.0.5/missing --run makeinfo'
MKDIR_P='/bin/mkdir -p'
NM='/opt/rh/devtoolset-1.1/root/usr/bin/nm -B'
NMEDIT=''
OBJDUMP='objdump'
OBJEXT='o'
OTOOL64=''
OTOOL=''
PACKAGE='snappy'
PACKAGE_BUGREPORT=''
PACKAGE_NAME='snappy'
PACKAGE_STRING='snappy 1.0.5'
PACKAGE_TARNAME='snappy'
PACKAGE_VERSION='1.0.5'
PATH_SEPARATOR=':'
PKG_CONFIG='/usr/bin/pkg-config'
RANLIB='ranlib'
SED='/bin/sed'
SET_MAKE=''
SHELL='/bin/sh'
SNAPPY_LTVERSION='2:3:1'
SNAPPY_MAJOR='1'
SNAPPY_MINOR='0'
SNAPPY_PATCHLEVEL='5'
STRIP='strip'
UNITTEST_LIBS='-lz '
VERSION='1.0.5'
ac_ct_CC='gcc'
ac_ct_CXX='g++'
ac_ct_DUMPBIN=''
ac_cv_have_stddef_h='1'
ac_cv_have_stdint_h='1'
am__EXEEXT_FALSE=''
am__EXEEXT_TRUE='#'
am__fastdepCC_FALSE='#'
am__fastdepCC_TRUE=''
am__fastdepCXX_FALSE='#'
am__fastdepCXX_TRUE=''
am__include='include'
am__isrc=''
am__leading_dot='.'
am__quote=''
am__tar='${AMTAR} chof - "$$tardir"'
am__untar='${AMTAR} xf -'
bindir='${exec_prefix}/bin'
build='x86_64-unknown-linux-gnu'
build_alias=''
build_cpu='x86_64'
build_os='linux-gnu'
build_vendor='unknown'
datadir='${datarootdir}'
datarootdir='${prefix}/share'
docdir='${datarootdir}/doc/${PACKAGE_TARNAME}'
dvidir='${docdir}'
exec_prefix='${prefix}'
gflags_CFLAGS=''
gflags_LIBS=''
host='x86_64-unknown-linux-gnu'
host_alias=''
host_cpu='x86_64'
host_os='linux-gnu'
host_vendor='unknown'
htmldir='${docdir}'
includedir='${prefix}/include'
infodir='${datarootdir}/info'
install_sh='${SHELL} /home/aigupta/rocksdbjni/snappy-1.0.5/install-sh'
libdir='${exec_prefix}/lib'
libexecdir='${exec_prefix}/libexec'
localedir='${datarootdir}/locale'
localstatedir='${prefix}/var'
lt_ECHO='echo'
mandir='${datarootdir}/man'
mkdir_p='/bin/mkdir -p'
oldincludedir='/usr/include'
pdfdir='${docdir}'
prefix='/usr/local'
program_transform_name='s,x,x,'
psdir='${docdir}'
sbindir='${exec_prefix}/sbin'
sharedstatedir='${prefix}/com'
sysconfdir='${prefix}/etc'
target_alias=''

## ----------- ##
## confdefs.h. ##
## ----------- ##

#define PACKAGE_NAME "snappy"
#define PACKAGE_TARNAME "snappy"
#define PACKAGE_VERSION "1.0.5"
#define PACKAGE_STRING "snappy 1.0.5"
#define PACKAGE_BUGREPORT ""
#define PACKAGE "snappy"
#define VERSION "1.0.5"
#define STDC_HEADERS 1
#define HAVE_SYS_TYPES_H 1
#define HAVE_SYS_STAT_H 1
#define HAVE_STDLIB_H 1
#define HAVE_STRING_H 1
#define HAVE_MEMORY_H 1
#define HAVE_STRINGS_H 1
#define HAVE_INTTYPES_H 1
#define HAVE_STDINT_H 1
#define HAVE_UNISTD_H 1
#define HAVE_DLFCN_H 1
#define LT_OBJDIR ".libs/"
#define HAVE_STDINT_H 1
#define HAVE_STDDEF_H 1
#define HAVE_SYS_MMAN_H 1
#define HAVE_SYS_RESOURCE_H 1
#define HAVE_BYTESWAP_H 1
#define HAVE_BUILTIN_EXPECT 1
#define HAVE_BUILTIN_CTZ 1
#define HAVE_LIBZ 1

configure: exit 0

## ---------------------- ##
## Running config.status. ##
## ---------------------- ##

This file was extended by snappy config.status 1.0.5, which was
generated by GNU Autoconf 2.63.  Invocation command line was

  CONFIG_FILES    = 
  CONFIG_HEADERS  = 
  CONFIG_LINKS    = 
  CONFIG_COMMANDS = 
  $ ./config.status 

on aigupta-ld

config.status:1074: creating Makefile
config.status:1074: creating snappy-stubs-public.h
config.status:1074: creating config.h
config.status:1348: executing depfiles commands
config.status:1348: executing libtool commands

## ---------------------- ##
## Running config.status. ##
## ---------------------- ##

This file was extended by snappy config.status 1.0.5, which was
generated by GNU Autoconf 2.63.  Invocation command line was

  CONFIG_FILES    = 
  CONFIG_HEADERS  = 
  CONFIG_LINKS    = 
  CONFIG_COMMANDS = 
  $ ./config.status config.h

on aigupta-ld

config.status:1074: creating config.h
